十月 08, 2018 8:39:50 上午 org.apache.catalina.core.AprLifecycleListener init
INFO: Loaded APR based Apache Tomcat Native library 1.1.22.
十月 08, 2018 8:39:50 上午 org.apache.catalina.core.AprLifecycleListener init
INFO: APR capabilities: IPv6 [false], sendfile [true], accept filters [false], random [true].
十月 08, 2018 8:39:51 上午 org.apache.coyote.AbstractProtocol init
INFO: Initializing ProtocolHandler ["http-apr-8888"]
十月 08, 2018 8:39:51 上午 org.apache.coyote.AbstractProtocol init
INFO: Initializing ProtocolHandler ["ajp-apr-8010"]
十月 08, 2018 8:39:51 上午 org.apache.catalina.startup.Catalina load
INFO: Initialization processed in 1235 ms
十月 08, 2018 8:39:51 上午 org.apache.catalina.core.StandardService startInternal
INFO: Starting service Catalina
十月 08, 2018 8:39:51 上午 org.apache.catalina.core.StandardEngine startInternal
INFO: Starting Servlet Engine: Apache Tomcat/7.0.23
十月 08, 2018 8:39:51 上午 org.apache.catalina.startup.HostConfig deployWAR
INFO: Deploying web application archive E:\apache-tomcat-7.0.23\apache-tomcat-7.0.23\webapps\real_sync.war
十月 08, 2018 8:40:07 上午 org.apache.catalina.core.StandardContext startInternal
SEVERE: Error listenerStart
十月 08, 2018 8:40:07 上午 org.apache.catalina.core.StandardContext startInternal
SEVERE: Context [/real_sync] startup failed due to previous errors
十月 08, 2018 8:40:07 上午 org.apache.catalina.loader.WebappClassLoader clearReferencesJdbc
SEVERE: The web application [/real_sync] registered the JDBC driver [oracle.jdbc.driver.OracleDriver] but failed to unregister it when the web application was stopped. To prevent a memory leak, the JDBC Driver has been forcibly unregistered.
十月 08, 2018 8:40:07 上午 org.apache.catalina.loader.WebappClassLoader clearReferencesJdbc
SEVERE: The web application [/real_sync] registered the JDBC driver [com.mysql.jdbc.Driver] but failed to unregister it when the web application was stopped. To prevent a memory leak, the JDBC Driver has been forcibly unregistered.
十月 08, 2018 8:40:07 上午 org.apache.catalina.loader.WebappClassLoader clearReferencesThreads
SEVERE: The web application [/real_sync] appears to have started a thread named [FileWatchdog] but has failed to stop it. This is very likely to create a memory leak.
十月 08, 2018 8:40:07 上午 org.apache.catalina.loader.WebappClassLoader clearReferencesThreads
SEVERE: The web application [/real_sync] appears to have started a thread named [Abandoned connection cleanup thread] but has failed to stop it. This is very likely to create a memory leak.
十月 08, 2018 8:40:07 上午 org.apache.catalina.startup.HostConfig deployDirectory
INFO: Deploying web application directory E:\apache-tomcat-7.0.23\apache-tomcat-7.0.23\webapps\docs
十月 08, 2018 8:40:07 上午 org.apache.catalina.startup.HostConfig deployDirectory
INFO: Deploying web application directory E:\apache-tomcat-7.0.23\apache-tomcat-7.0.23\webapps\examples
十月 08, 2018 8:40:07 上午 org.apache.catalina.startup.HostConfig deployDirectory
INFO: Deploying web application directory E:\apache-tomcat-7.0.23\apache-tomcat-7.0.23\webapps\host-manager
十月 08, 2018 8:40:39 上午 org.apache.catalina.startup.HostConfig deployDirectory
INFO: Deploying web application directory E:\apache-tomcat-7.0.23\apache-tomcat-7.0.23\webapps\manager
十月 08, 2018 8:40:39 上午 org.apache.catalina.startup.HostConfig deployDirectory
INFO: Deploying web application directory E:\apache-tomcat-7.0.23\apache-tomcat-7.0.23\webapps\ROOT
十月 08, 2018 8:40:39 上午 org.apache.coyote.AbstractProtocol start
INFO: Starting ProtocolHandler ["http-apr-8888"]
十月 08, 2018 8:40:39 上午 org.apache.coyote.AbstractProtocol start
INFO: Starting ProtocolHandler ["ajp-apr-8010"]
十月 08, 2018 8:40:39 上午 org.apache.catalina.startup.Catalina start
INFO: Server startup in 48381 ms
十月 08, 2018 8:41:09 上午 org.apache.catalina.core.AprLifecycleListener init
INFO: Loaded APR based Apache Tomcat Native library 1.1.22.
十月 08, 2018 8:41:09 上午 org.apache.catalina.core.AprLifecycleListener init
INFO: APR capabilities: IPv6 [false], sendfile [true], accept filters [false], random [true].
十月 08, 2018 8:41:10 上午 org.apache.coyote.AbstractProtocol init
INFO: Initializing ProtocolHandler ["http-apr-8888"]
十月 08, 2018 8:41:10 上午 org.apache.coyote.AbstractProtocol init
INFO: Initializing ProtocolHandler ["ajp-apr-8010"]
十月 08, 2018 8:41:10 上午 org.apache.catalina.startup.Catalina load
INFO: Initialization processed in 1258 ms
十月 08, 2018 8:41:10 上午 org.apache.catalina.core.StandardService startInternal
INFO: Starting service Catalina
十月 08, 2018 8:41:10 上午 org.apache.catalina.core.StandardEngine startInternal
INFO: Starting Servlet Engine: Apache Tomcat/7.0.23
十月 08, 2018 8:41:10 上午 org.apache.catalina.startup.HostConfig deployWAR
INFO: Deploying web application archive E:\apache-tomcat-7.0.23\apache-tomcat-7.0.23\webapps\real_sync.war
十月 08, 2018 8:41:17 上午 org.apache.catalina.startup.HostConfig deployDirectory
INFO: Deploying web application directory E:\apache-tomcat-7.0.23\apache-tomcat-7.0.23\webapps\docs
十月 08, 2018 8:41:17 上午 org.apache.catalina.startup.HostConfig deployDirectory
INFO: Deploying web application directory E:\apache-tomcat-7.0.23\apache-tomcat-7.0.23\webapps\examples
十月 08, 2018 8:41:17 上午 org.apache.catalina.startup.HostConfig deployDirectory
INFO: Deploying web application directory E:\apache-tomcat-7.0.23\apache-tomcat-7.0.23\webapps\host-manager
十月 08, 2018 8:41:17 上午 org.apache.catalina.startup.HostConfig deployDirectory
INFO: Deploying web application directory E:\apache-tomcat-7.0.23\apache-tomcat-7.0.23\webapps\manager
十月 08, 2018 8:41:17 上午 org.apache.catalina.startup.HostConfig deployDirectory
INFO: Deploying web application directory E:\apache-tomcat-7.0.23\apache-tomcat-7.0.23\webapps\ROOT
十月 08, 2018 8:41:17 上午 org.apache.coyote.AbstractProtocol start
INFO: Starting ProtocolHandler ["http-apr-8888"]
十月 08, 2018 8:41:17 上午 org.apache.coyote.AbstractProtocol start
INFO: Starting ProtocolHandler ["ajp-apr-8010"]
十月 08, 2018 8:41:17 上午 org.apache.catalina.startup.Catalina start
INFO: Server startup in 7404 ms
十月 08, 2018 8:50:54 上午 org.apache.catalina.core.AprLifecycleListener init
INFO: Loaded APR based Apache Tomcat Native library 1.1.22.
十月 08, 2018 8:50:54 上午 org.apache.catalina.core.AprLifecycleListener init
INFO: APR capabilities: IPv6 [false], sendfile [true], accept filters [false], random [true].
十月 08, 2018 8:50:55 上午 org.apache.coyote.AbstractProtocol init
INFO: Initializing ProtocolHandler ["http-apr-8888"]
十月 08, 2018 8:50:55 上午 org.apache.coyote.AbstractProtocol init
INFO: Initializing ProtocolHandler ["ajp-apr-8010"]
十月 08, 2018 8:50:55 上午 org.apache.catalina.startup.Catalina load
INFO: Initialization processed in 1313 ms
十月 08, 2018 8:50:55 上午 org.apache.catalina.core.StandardService startInternal
INFO: Starting service Catalina
十月 08, 2018 8:50:55 上午 org.apache.catalina.core.StandardEngine startInternal
INFO: Starting Servlet Engine: Apache Tomcat/7.0.23
十月 08, 2018 8:50:55 上午 org.apache.catalina.startup.HostConfig deployWAR
INFO: Deploying web application archive E:\apache-tomcat-7.0.23\apache-tomcat-7.0.23\webapps\real_sync.war
十月 08, 2018 8:51:02 上午 org.apache.catalina.startup.HostConfig deployDirectory
INFO: Deploying web application directory E:\apache-tomcat-7.0.23\apache-tomcat-7.0.23\webapps\docs
十月 08, 2018 8:51:02 上午 org.apache.catalina.startup.HostConfig deployDirectory
INFO: Deploying web application directory E:\apache-tomcat-7.0.23\apache-tomcat-7.0.23\webapps\examples
十月 08, 2018 8:51:03 上午 org.apache.catalina.startup.HostConfig deployDirectory
INFO: Deploying web application directory E:\apache-tomcat-7.0.23\apache-tomcat-7.0.23\webapps\host-manager
十月 08, 2018 8:51:03 上午 org.apache.catalina.startup.HostConfig deployDirectory
INFO: Deploying web application directory E:\apache-tomcat-7.0.23\apache-tomcat-7.0.23\webapps\manager
十月 08, 2018 8:51:03 上午 org.apache.catalina.startup.HostConfig deployDirectory
INFO: Deploying web application directory E:\apache-tomcat-7.0.23\apache-tomcat-7.0.23\webapps\ROOT
十月 08, 2018 8:51:03 上午 org.apache.coyote.AbstractProtocol start
INFO: Starting ProtocolHandler ["http-apr-8888"]
十月 08, 2018 8:51:03 上午 org.apache.coyote.AbstractProtocol start
INFO: Starting ProtocolHandler ["ajp-apr-8010"]
十月 08, 2018 8:51:03 上午 org.apache.catalina.startup.Catalina start
INFO: Server startup in 7343 ms
十月 08, 2018 9:20:06 上午 org.apache.catalina.core.AprLifecycleListener init
INFO: Loaded APR based Apache Tomcat Native library 1.1.22.
十月 08, 2018 9:20:07 上午 org.apache.catalina.core.AprLifecycleListener init
INFO: APR capabilities: IPv6 [false], sendfile [true], accept filters [false], random [true].
十月 08, 2018 9:20:08 上午 org.apache.coyote.AbstractProtocol init
INFO: Initializing ProtocolHandler ["http-apr-8888"]
十月 08, 2018 9:20:08 上午 org.apache.coyote.AbstractProtocol init
INFO: Initializing ProtocolHandler ["ajp-apr-8010"]
十月 08, 2018 9:20:08 上午 org.apache.catalina.startup.Catalina load
INFO: Initialization processed in 1472 ms
十月 08, 2018 9:20:08 上午 org.apache.catalina.core.StandardService startInternal
INFO: Starting service Catalina
十月 08, 2018 9:20:08 上午 org.apache.catalina.core.StandardEngine startInternal
INFO: Starting Servlet Engine: Apache Tomcat/7.0.23
十月 08, 2018 9:20:08 上午 org.apache.catalina.startup.HostConfig deployWAR
INFO: Deploying web application archive E:\apache-tomcat-7.0.23\apache-tomcat-7.0.23\webapps\real_sync.war
十月 08, 2018 9:20:17 上午 org.apache.catalina.startup.HostConfig deployDirectory
INFO: Deploying web application directory E:\apache-tomcat-7.0.23\apache-tomcat-7.0.23\webapps\docs
十月 08, 2018 9:20:17 上午 org.apache.catalina.startup.HostConfig deployDirectory
INFO: Deploying web application directory E:\apache-tomcat-7.0.23\apache-tomcat-7.0.23\webapps\examples
十月 08, 2018 9:20:17 上午 org.apache.catalina.startup.HostConfig deployDirectory
INFO: Deploying web application directory E:\apache-tomcat-7.0.23\apache-tomcat-7.0.23\webapps\host-manager
十月 08, 2018 9:20:17 上午 org.apache.catalina.startup.HostConfig deployDirectory
INFO: Deploying web application directory E:\apache-tomcat-7.0.23\apache-tomcat-7.0.23\webapps\manager
十月 08, 2018 9:20:17 上午 org.apache.catalina.startup.HostConfig deployDirectory
INFO: Deploying web application directory E:\apache-tomcat-7.0.23\apache-tomcat-7.0.23\webapps\ROOT
十月 08, 2018 9:20:17 上午 org.apache.coyote.AbstractProtocol start
INFO: Starting ProtocolHandler ["http-apr-8888"]
十月 08, 2018 9:20:17 上午 org.apache.coyote.AbstractProtocol start
INFO: Starting ProtocolHandler ["ajp-apr-8010"]
十月 08, 2018 9:20:17 上午 org.apache.catalina.startup.Catalina start
INFO: Server startup in 9591 ms
十月 08, 2018 9:21:32 上午 org.apache.catalina.core.AprLifecycleListener init
INFO: Loaded APR based Apache Tomcat Native library 1.1.22.
十月 08, 2018 9:21:33 上午 org.apache.catalina.core.AprLifecycleListener init
INFO: APR capabilities: IPv6 [false], sendfile [true], accept filters [false], random [true].
十月 08, 2018 9:21:34 上午 org.apache.coyote.AbstractProtocol init
INFO: Initializing ProtocolHandler ["http-apr-8888"]
十月 08, 2018 9:21:34 上午 org.apache.coyote.AbstractProtocol init
INFO: Initializing ProtocolHandler ["ajp-apr-8010"]
十月 08, 2018 9:21:34 上午 org.apache.catalina.startup.Catalina load
INFO: Initialization processed in 2225 ms
十月 08, 2018 9:21:34 上午 org.apache.catalina.core.StandardService startInternal
INFO: Starting service Catalina
十月 08, 2018 9:21:34 上午 org.apache.catalina.core.StandardEngine startInternal
INFO: Starting Servlet Engine: Apache Tomcat/7.0.23
十月 08, 2018 9:21:34 上午 org.apache.catalina.startup.HostConfig deployWAR
INFO: Deploying web application archive E:\apache-tomcat-7.0.23\apache-tomcat-7.0.23\webapps\real_sync.war
十月 08, 2018 9:21:42 上午 org.apache.catalina.startup.HostConfig deployDirectory
INFO: Deploying web application directory E:\apache-tomcat-7.0.23\apache-tomcat-7.0.23\webapps\docs
十月 08, 2018 9:21:42 上午 org.apache.catalina.startup.HostConfig deployDirectory
INFO: Deploying web application directory E:\apache-tomcat-7.0.23\apache-tomcat-7.0.23\webapps\examples
十月 08, 2018 9:21:42 上午 org.apache.catalina.startup.HostConfig deployDirectory
INFO: Deploying web application directory E:\apache-tomcat-7.0.23\apache-tomcat-7.0.23\webapps\host-manager
十月 08, 2018 9:21:42 上午 org.apache.catalina.startup.HostConfig deployDirectory
INFO: Deploying web application directory E:\apache-tomcat-7.0.23\apache-tomcat-7.0.23\webapps\manager
十月 08, 2018 9:21:42 上午 org.apache.catalina.startup.HostConfig deployDirectory
INFO: Deploying web application directory E:\apache-tomcat-7.0.23\apache-tomcat-7.0.23\webapps\ROOT
十月 08, 2018 9:21:43 上午 org.apache.coyote.AbstractProtocol start
INFO: Starting ProtocolHandler ["http-apr-8888"]
十月 08, 2018 9:21:43 上午 org.apache.coyote.AbstractProtocol start
INFO: Starting ProtocolHandler ["ajp-apr-8010"]
十月 08, 2018 9:21:43 上午 org.apache.catalina.startup.Catalina start
INFO: Server startup in 8945 ms
十月 08, 2018 9:50:02 上午 org.apache.catalina.core.AprLifecycleListener init
INFO: Loaded APR based Apache Tomcat Native library 1.1.22.
十月 08, 2018 9:50:02 上午 org.apache.catalina.core.AprLifecycleListener init
INFO: APR capabilities: IPv6 [false], sendfile [true], accept filters [false], random [true].
十月 08, 2018 9:50:03 上午 org.apache.coyote.AbstractProtocol init
INFO: Initializing ProtocolHandler ["http-apr-8888"]
十月 08, 2018 9:50:03 上午 org.apache.coyote.AbstractProtocol init
INFO: Initializing ProtocolHandler ["ajp-apr-8010"]
十月 08, 2018 9:50:03 上午 org.apache.catalina.startup.Catalina load
INFO: Initialization processed in 1250 ms
十月 08, 2018 9:50:03 上午 org.apache.catalina.core.StandardService startInternal
INFO: Starting service Catalina
十月 08, 2018 9:50:03 上午 org.apache.catalina.core.StandardEngine startInternal
INFO: Starting Servlet Engine: Apache Tomcat/7.0.23
十月 08, 2018 9:50:03 上午 org.apache.catalina.startup.HostConfig deployWAR
INFO: Deploying web application archive E:\apache-tomcat-7.0.23\apache-tomcat-7.0.23\webapps\real_sync.war
十月 08, 2018 9:50:11 上午 org.apache.catalina.startup.HostConfig deployDirectory
INFO: Deploying web application directory E:\apache-tomcat-7.0.23\apache-tomcat-7.0.23\webapps\docs
十月 08, 2018 9:50:11 上午 org.apache.catalina.startup.HostConfig deployDirectory
INFO: Deploying web application directory E:\apache-tomcat-7.0.23\apache-tomcat-7.0.23\webapps\examples
十月 08, 2018 9:50:11 上午 org.apache.catalina.startup.HostConfig deployDirectory
INFO: Deploying web application directory E:\apache-tomcat-7.0.23\apache-tomcat-7.0.23\webapps\host-manager
十月 08, 2018 9:50:11 上午 org.apache.catalina.startup.HostConfig deployDirectory
INFO: Deploying web application directory E:\apache-tomcat-7.0.23\apache-tomcat-7.0.23\webapps\manager
十月 08, 2018 9:50:11 上午 org.apache.catalina.startup.HostConfig deployDirectory
INFO: Deploying web application directory E:\apache-tomcat-7.0.23\apache-tomcat-7.0.23\webapps\ROOT
十月 08, 2018 9:50:11 上午 org.apache.coyote.AbstractProtocol start
INFO: Starting ProtocolHandler ["http-apr-8888"]
十月 08, 2018 9:50:11 上午 org.apache.coyote.AbstractProtocol start
INFO: Starting ProtocolHandler ["ajp-apr-8010"]
十月 08, 2018 9:50:11 上午 org.apache.catalina.startup.Catalina start
INFO: Server startup in 7860 ms
十月 08, 2018 12:28:16 下午 org.apache.catalina.core.AprLifecycleListener init
INFO: Loaded APR based Apache Tomcat Native library 1.1.22.
十月 08, 2018 12:28:16 下午 org.apache.catalina.core.AprLifecycleListener init
INFO: APR capabilities: IPv6 [false], sendfile [true], accept filters [false], random [true].
十月 08, 2018 12:28:18 下午 org.apache.coyote.AbstractProtocol init
INFO: Initializing ProtocolHandler ["http-apr-8888"]
十月 08, 2018 12:28:18 下午 org.apache.coyote.AbstractProtocol init
INFO: Initializing ProtocolHandler ["ajp-apr-8010"]
十月 08, 2018 12:28:18 下午 org.apache.catalina.startup.Catalina load
INFO: Initialization processed in 1319 ms
十月 08, 2018 12:28:18 下午 org.apache.catalina.core.StandardService startInternal
INFO: Starting service Catalina
十月 08, 2018 12:28:18 下午 org.apache.catalina.core.StandardEngine startInternal
INFO: Starting Servlet Engine: Apache Tomcat/7.0.23
十月 08, 2018 12:28:18 下午 org.apache.catalina.startup.HostConfig deployWAR
INFO: Deploying web application archive E:\apache-tomcat-7.0.23\apache-tomcat-7.0.23\webapps\real_sync.war
十月 08, 2018 12:28:25 下午 org.apache.catalina.startup.HostConfig deployDirectory
INFO: Deploying web application directory E:\apache-tomcat-7.0.23\apache-tomcat-7.0.23\webapps\docs
十月 08, 2018 12:28:25 下午 org.apache.catalina.startup.HostConfig deployDirectory
INFO: Deploying web application directory E:\apache-tomcat-7.0.23\apache-tomcat-7.0.23\webapps\examples
十月 08, 2018 12:28:25 下午 org.apache.catalina.startup.HostConfig deployDirectory
INFO: Deploying web application directory E:\apache-tomcat-7.0.23\apache-tomcat-7.0.23\webapps\host-manager
十月 08, 2018 12:28:25 下午 org.apache.catalina.startup.HostConfig deployDirectory
INFO: Deploying web application directory E:\apache-tomcat-7.0.23\apache-tomcat-7.0.23\webapps\manager
十月 08, 2018 12:28:25 下午 org.apache.catalina.startup.HostConfig deployDirectory
INFO: Deploying web application directory E:\apache-tomcat-7.0.23\apache-tomcat-7.0.23\webapps\ROOT
十月 08, 2018 12:28:25 下午 org.apache.coyote.AbstractProtocol start
INFO: Starting ProtocolHandler ["http-apr-8888"]
十月 08, 2018 12:28:25 下午 org.apache.coyote.AbstractProtocol start
INFO: Starting ProtocolHandler ["ajp-apr-8010"]
十月 08, 2018 12:28:25 下午 org.apache.catalina.startup.Catalina start
INFO: Server startup in 7916 ms
十月 08, 2018 12:56:07 下午 org.apache.catalina.core.AprLifecycleListener init
INFO: Loaded APR based Apache Tomcat Native library 1.1.22.
十月 08, 2018 12:56:07 下午 org.apache.catalina.core.AprLifecycleListener init
INFO: APR capabilities: IPv6 [false], sendfile [true], accept filters [false], random [true].
十月 08, 2018 12:56:08 下午 org.apache.coyote.AbstractProtocol init
INFO: Initializing ProtocolHandler ["http-apr-8888"]
十月 08, 2018 12:56:08 下午 org.apache.coyote.AbstractProtocol init
INFO: Initializing ProtocolHandler ["ajp-apr-8010"]
十月 08, 2018 12:56:08 下午 org.apache.catalina.startup.Catalina load
INFO: Initialization processed in 1279 ms
十月 08, 2018 12:56:08 下午 org.apache.catalina.core.StandardService startInternal
INFO: Starting service Catalina
十月 08, 2018 12:56:08 下午 org.apache.catalina.core.StandardEngine startInternal
INFO: Starting Servlet Engine: Apache Tomcat/7.0.23
十月 08, 2018 12:56:08 下午 org.apache.catalina.startup.HostConfig deployWAR
INFO: Deploying web application archive E:\apache-tomcat-7.0.23\apache-tomcat-7.0.23\webapps\real_sync.war
十月 08, 2018 12:56:16 下午 org.apache.catalina.startup.HostConfig deployDirectory
INFO: Deploying web application directory E:\apache-tomcat-7.0.23\apache-tomcat-7.0.23\webapps\docs
十月 08, 2018 12:56:16 下午 org.apache.catalina.startup.HostConfig deployDirectory
INFO: Deploying web application directory E:\apache-tomcat-7.0.23\apache-tomcat-7.0.23\webapps\examples
十月 08, 2018 12:56:16 下午 org.apache.catalina.startup.HostConfig deployDirectory
INFO: Deploying web application directory E:\apache-tomcat-7.0.23\apache-tomcat-7.0.23\webapps\host-manager
十月 08, 2018 12:56:16 下午 org.apache.catalina.startup.HostConfig deployDirectory
INFO: Deploying web application directory E:\apache-tomcat-7.0.23\apache-tomcat-7.0.23\webapps\manager
十月 08, 2018 12:56:16 下午 org.apache.catalina.startup.HostConfig deployDirectory
INFO: Deploying web application directory E:\apache-tomcat-7.0.23\apache-tomcat-7.0.23\webapps\ROOT
十月 08, 2018 12:56:16 下午 org.apache.coyote.AbstractProtocol start
INFO: Starting ProtocolHandler ["http-apr-8888"]
十月 08, 2018 12:56:16 下午 org.apache.coyote.AbstractProtocol start
INFO: Starting ProtocolHandler ["ajp-apr-8010"]
十月 08, 2018 12:56:16 下午 org.apache.catalina.startup.Catalina start
INFO: Server startup in 8474 ms
十月 08, 2018 4:28:06 下午 org.apache.catalina.core.AprLifecycleListener init
INFO: Loaded APR based Apache Tomcat Native library 1.1.22.
十月 08, 2018 4:28:06 下午 org.apache.catalina.core.AprLifecycleListener init
INFO: APR capabilities: IPv6 [false], sendfile [true], accept filters [false], random [true].
十月 08, 2018 4:28:07 下午 org.apache.coyote.AbstractProtocol init
INFO: Initializing ProtocolHandler ["http-apr-8888"]
十月 08, 2018 4:28:07 下午 org.apache.coyote.AbstractProtocol init
INFO: Initializing ProtocolHandler ["ajp-apr-8010"]
十月 08, 2018 4:28:07 下午 org.apache.catalina.startup.Catalina load
INFO: Initialization processed in 1275 ms
十月 08, 2018 4:28:07 下午 org.apache.catalina.core.StandardService startInternal
INFO: Starting service Catalina
十月 08, 2018 4:28:07 下午 org.apache.catalina.core.StandardEngine startInternal
INFO: Starting Servlet Engine: Apache Tomcat/7.0.23
十月 08, 2018 4:28:07 下午 org.apache.catalina.startup.HostConfig deployWAR
INFO: Deploying web application archive E:\apache-tomcat-7.0.23\apache-tomcat-7.0.23\webapps\real_sync.war
十月 08, 2018 4:29:34 下午 org.apache.catalina.core.AprLifecycleListener init
INFO: Loaded APR based Apache Tomcat Native library 1.1.22.
十月 08, 2018 4:29:34 下午 org.apache.catalina.core.AprLifecycleListener init
INFO: APR capabilities: IPv6 [false], sendfile [true], accept filters [false], random [true].
十月 08, 2018 4:29:35 下午 org.apache.coyote.AbstractProtocol init
INFO: Initializing ProtocolHandler ["http-apr-8888"]
十月 08, 2018 4:29:35 下午 org.apache.coyote.AbstractProtocol init
INFO: Initializing ProtocolHandler ["ajp-apr-8010"]
十月 08, 2018 4:29:35 下午 org.apache.catalina.startup.Catalina load
INFO: Initialization processed in 1254 ms
十月 08, 2018 4:29:35 下午 org.apache.catalina.core.StandardService startInternal
INFO: Starting service Catalina
十月 08, 2018 4:29:35 下午 org.apache.catalina.core.StandardEngine startInternal
INFO: Starting Servlet Engine: Apache Tomcat/7.0.23
十月 08, 2018 4:29:35 下午 org.apache.catalina.startup.HostConfig deployWAR
INFO: Deploying web application archive E:\apache-tomcat-7.0.23\apache-tomcat-7.0.23\webapps\real_sync.war
十月 08, 2018 4:29:43 下午 org.apache.catalina.startup.HostConfig deployDirectory
INFO: Deploying web application directory E:\apache-tomcat-7.0.23\apache-tomcat-7.0.23\webapps\docs
十月 08, 2018 4:29:43 下午 org.apache.catalina.startup.HostConfig deployDirectory
INFO: Deploying web application directory E:\apache-tomcat-7.0.23\apache-tomcat-7.0.23\webapps\examples
十月 08, 2018 4:29:43 下午 org.apache.catalina.startup.HostConfig deployDirectory
INFO: Deploying web application directory E:\apache-tomcat-7.0.23\apache-tomcat-7.0.23\webapps\host-manager
十月 08, 2018 4:29:43 下午 org.apache.catalina.startup.HostConfig deployDirectory
INFO: Deploying web application directory E:\apache-tomcat-7.0.23\apache-tomcat-7.0.23\webapps\manager
十月 08, 2018 4:29:43 下午 org.apache.catalina.startup.HostConfig deployDirectory
INFO: Deploying web application directory E:\apache-tomcat-7.0.23\apache-tomcat-7.0.23\webapps\ROOT
十月 08, 2018 4:29:43 下午 org.apache.coyote.AbstractProtocol start
INFO: Starting ProtocolHandler ["http-apr-8888"]
十月 08, 2018 4:29:43 下午 org.apache.coyote.AbstractProtocol start
INFO: Starting ProtocolHandler ["ajp-apr-8010"]
十月 08, 2018 4:29:43 下午 org.apache.catalina.startup.Catalina start
INFO: Server startup in 7742 ms
十月 08, 2018 4:36:42 下午 org.apache.catalina.core.AprLifecycleListener init
INFO: Loaded APR based Apache Tomcat Native library 1.1.22.
十月 08, 2018 4:36:42 下午 org.apache.catalina.core.AprLifecycleListener init
INFO: APR capabilities: IPv6 [false], sendfile [true], accept filters [false], random [true].
十月 08, 2018 4:36:43 下午 org.apache.coyote.AbstractProtocol init
INFO: Initializing ProtocolHandler ["http-apr-8888"]
十月 08, 2018 4:36:43 下午 org.apache.coyote.AbstractProtocol init
INFO: Initializing ProtocolHandler ["ajp-apr-8010"]
十月 08, 2018 4:36:43 下午 org.apache.catalina.startup.Catalina load
INFO: Initialization processed in 1260 ms
十月 08, 2018 4:36:43 下午 org.apache.catalina.core.StandardService startInternal
INFO: Starting service Catalina
十月 08, 2018 4:36:43 下午 org.apache.catalina.core.StandardEngine startInternal
INFO: Starting Servlet Engine: Apache Tomcat/7.0.23
十月 08, 2018 4:36:43 下午 org.apache.catalina.startup.HostConfig deployWAR
INFO: Deploying web application archive E:\apache-tomcat-7.0.23\apache-tomcat-7.0.23\webapps\real_sync.war
十月 08, 2018 4:36:51 下午 org.apache.catalina.startup.HostConfig deployDirectory
INFO: Deploying web application directory E:\apache-tomcat-7.0.23\apache-tomcat-7.0.23\webapps\docs
十月 08, 2018 4:36:51 下午 org.apache.catalina.startup.HostConfig deployDirectory
INFO: Deploying web application directory E:\apache-tomcat-7.0.23\apache-tomcat-7.0.23\webapps\examples
十月 08, 2018 4:36:51 下午 org.apache.catalina.startup.HostConfig deployDirectory
INFO: Deploying web application directory E:\apache-tomcat-7.0.23\apache-tomcat-7.0.23\webapps\host-manager
十月 08, 2018 4:36:51 下午 org.apache.catalina.startup.HostConfig deployDirectory
INFO: Deploying web application directory E:\apache-tomcat-7.0.23\apache-tomcat-7.0.23\webapps\manager
十月 08, 2018 4:36:51 下午 org.apache.catalina.startup.HostConfig deployDirectory
INFO: Deploying web application directory E:\apache-tomcat-7.0.23\apache-tomcat-7.0.23\webapps\ROOT
十月 08, 2018 4:36:51 下午 org.apache.coyote.AbstractProtocol start
INFO: Starting ProtocolHandler ["http-apr-8888"]
十月 08, 2018 4:36:51 下午 org.apache.coyote.AbstractProtocol start
INFO: Starting ProtocolHandler ["ajp-apr-8010"]
十月 08, 2018 4:36:51 下午 org.apache.catalina.startup.Catalina start
INFO: Server startup in 8389 ms
十月 08, 2018 4:37:28 下午 org.apache.catalina.core.AprLifecycleListener init
INFO: Loaded APR based Apache Tomcat Native library 1.1.22.
十月 08, 2018 4:37:28 下午 org.apache.catalina.core.AprLifecycleListener init
INFO: APR capabilities: IPv6 [false], sendfile [true], accept filters [false], random [true].
十月 08, 2018 4:37:30 下午 org.apache.coyote.AbstractProtocol init
INFO: Initializing ProtocolHandler ["http-apr-8888"]
十月 08, 2018 4:37:30 下午 org.apache.coyote.AbstractProtocol init
INFO: Initializing ProtocolHandler ["ajp-apr-8010"]
十月 08, 2018 4:37:30 下午 org.apache.catalina.startup.Catalina load
INFO: Initialization processed in 1293 ms
十月 08, 2018 4:37:30 下午 org.apache.catalina.core.StandardService startInternal
INFO: Starting service Catalina
十月 08, 2018 4:37:30 下午 org.apache.catalina.core.StandardEngine startInternal
INFO: Starting Servlet Engine: Apache Tomcat/7.0.23
十月 08, 2018 4:37:30 下午 org.apache.catalina.startup.HostConfig deployWAR
INFO: Deploying web application archive E:\apache-tomcat-7.0.23\apache-tomcat-7.0.23\webapps\real_sync.war
十月 08, 2018 4:37:37 下午 org.apache.catalina.startup.HostConfig deployDirectory
INFO: Deploying web application directory E:\apache-tomcat-7.0.23\apache-tomcat-7.0.23\webapps\docs
十月 08, 2018 4:37:37 下午 org.apache.catalina.startup.HostConfig deployDirectory
INFO: Deploying web application directory E:\apache-tomcat-7.0.23\apache-tomcat-7.0.23\webapps\examples
十月 08, 2018 4:37:37 下午 org.apache.catalina.startup.HostConfig deployDirectory
INFO: Deploying web application directory E:\apache-tomcat-7.0.23\apache-tomcat-7.0.23\webapps\host-manager
十月 08, 2018 4:37:37 下午 org.apache.catalina.startup.HostConfig deployDirectory
INFO: Deploying web application directory E:\apache-tomcat-7.0.23\apache-tomcat-7.0.23\webapps\manager
十月 08, 2018 4:37:37 下午 org.apache.catalina.startup.HostConfig deployDirectory
INFO: Deploying web application directory E:\apache-tomcat-7.0.23\apache-tomcat-7.0.23\webapps\ROOT
十月 08, 2018 4:37:37 下午 org.apache.coyote.AbstractProtocol start
INFO: Starting ProtocolHandler ["http-apr-8888"]
十月 08, 2018 4:37:37 下午 org.apache.coyote.AbstractProtocol start
INFO: Starting ProtocolHandler ["ajp-apr-8010"]
十月 08, 2018 4:37:37 下午 org.apache.catalina.startup.Catalina start
INFO: Server startup in 7811 ms
十月 08, 2018 4:40:39 下午 org.apache.catalina.core.AprLifecycleListener init
INFO: Loaded APR based Apache Tomcat Native library 1.1.22.
十月 08, 2018 4:40:39 下午 org.apache.catalina.core.AprLifecycleListener init
INFO: APR capabilities: IPv6 [false], sendfile [true], accept filters [false], random [true].
十月 08, 2018 4:40:40 下午 org.apache.coyote.AbstractProtocol init
INFO: Initializing ProtocolHandler ["http-apr-8888"]
十月 08, 2018 4:40:40 下午 org.apache.coyote.AbstractProtocol init
INFO: Initializing ProtocolHandler ["ajp-apr-8010"]
十月 08, 2018 4:40:40 下午 org.apache.catalina.startup.Catalina load
INFO: Initialization processed in 1326 ms
十月 08, 2018 4:40:40 下午 org.apache.catalina.core.StandardService startInternal
INFO: Starting service Catalina
十月 08, 2018 4:40:40 下午 org.apache.catalina.core.StandardEngine startInternal
INFO: Starting Servlet Engine: Apache Tomcat/7.0.23
十月 08, 2018 4:40:40 下午 org.apache.catalina.startup.HostConfig deployWAR
INFO: Deploying web application archive E:\apache-tomcat-7.0.23\apache-tomcat-7.0.23\webapps\real_sync.war
十月 08, 2018 4:40:48 下午 org.apache.catalina.startup.HostConfig deployDirectory
INFO: Deploying web application directory E:\apache-tomcat-7.0.23\apache-tomcat-7.0.23\webapps\docs
十月 08, 2018 4:40:48 下午 org.apache.catalina.startup.HostConfig deployDirectory
INFO: Deploying web application directory E:\apache-tomcat-7.0.23\apache-tomcat-7.0.23\webapps\examples
十月 08, 2018 4:40:48 下午 org.apache.catalina.startup.HostConfig deployDirectory
INFO: Deploying web application directory E:\apache-tomcat-7.0.23\apache-tomcat-7.0.23\webapps\host-manager
十月 08, 2018 4:40:48 下午 org.apache.catalina.startup.HostConfig deployDirectory
INFO: Deploying web application directory E:\apache-tomcat-7.0.23\apache-tomcat-7.0.23\webapps\manager
十月 08, 2018 4:40:48 下午 org.apache.catalina.startup.HostConfig deployDirectory
INFO: Deploying web application directory E:\apache-tomcat-7.0.23\apache-tomcat-7.0.23\webapps\ROOT
十月 08, 2018 4:40:48 下午 org.apache.coyote.AbstractProtocol start
INFO: Starting ProtocolHandler ["http-apr-8888"]
十月 08, 2018 4:40:48 下午 org.apache.coyote.AbstractProtocol start
INFO: Starting ProtocolHandler ["ajp-apr-8010"]
十月 08, 2018 4:40:48 下午 org.apache.catalina.startup.Catalina start
INFO: Server startup in 8064 ms
十月 08, 2018 4:43:00 下午 org.apache.catalina.core.AprLifecycleListener init
INFO: Loaded APR based Apache Tomcat Native library 1.1.22.
十月 08, 2018 4:43:00 下午 org.apache.catalina.core.AprLifecycleListener init
INFO: APR capabilities: IPv6 [false], sendfile [true], accept filters [false], random [true].
十月 08, 2018 4:43:01 下午 org.apache.coyote.AbstractProtocol init
INFO: Initializing ProtocolHandler ["http-apr-8888"]
十月 08, 2018 4:43:01 下午 org.apache.coyote.AbstractProtocol init
INFO: Initializing ProtocolHandler ["ajp-apr-8010"]
十月 08, 2018 4:43:01 下午 org.apache.catalina.startup.Catalina load
INFO: Initialization processed in 1287 ms
十月 08, 2018 4:43:01 下午 org.apache.catalina.core.StandardService startInternal
INFO: Starting service Catalina
十月 08, 2018 4:43:01 下午 org.apache.catalina.core.StandardEngine startInternal
INFO: Starting Servlet Engine: Apache Tomcat/7.0.23
十月 08, 2018 4:43:01 下午 org.apache.catalina.startup.HostConfig deployWAR
INFO: Deploying web application archive E:\apache-tomcat-7.0.23\apache-tomcat-7.0.23\webapps\real_sync.war
十月 08, 2018 4:43:10 下午 org.apache.catalina.startup.HostConfig deployDirectory
INFO: Deploying web application directory E:\apache-tomcat-7.0.23\apache-tomcat-7.0.23\webapps\docs
十月 08, 2018 4:43:10 下午 org.apache.catalina.startup.HostConfig deployDirectory
INFO: Deploying web application directory E:\apache-tomcat-7.0.23\apache-tomcat-7.0.23\webapps\examples
十月 08, 2018 4:43:10 下午 org.apache.catalina.startup.HostConfig deployDirectory
INFO: Deploying web application directory E:\apache-tomcat-7.0.23\apache-tomcat-7.0.23\webapps\host-manager
十月 08, 2018 4:43:10 下午 org.apache.catalina.startup.HostConfig deployDirectory
INFO: Deploying web application directory E:\apache-tomcat-7.0.23\apache-tomcat-7.0.23\webapps\manager
十月 08, 2018 4:43:10 下午 org.apache.catalina.startup.HostConfig deployDirectory
INFO: Deploying web application directory E:\apache-tomcat-7.0.23\apache-tomcat-7.0.23\webapps\ROOT
十月 08, 2018 4:43:10 下午 org.apache.coyote.AbstractProtocol start
INFO: Starting ProtocolHandler ["http-apr-8888"]
十月 08, 2018 4:43:10 下午 org.apache.coyote.AbstractProtocol start
INFO: Starting ProtocolHandler ["ajp-apr-8010"]
十月 08, 2018 4:43:10 下午 org.apache.catalina.startup.Catalina start
INFO: Server startup in 9167 ms
十月 08, 2018 4:45:28 下午 org.apache.catalina.core.AprLifecycleListener init
INFO: Loaded APR based Apache Tomcat Native library 1.1.22.
十月 08, 2018 4:45:28 下午 org.apache.catalina.core.AprLifecycleListener init
INFO: APR capabilities: IPv6 [false], sendfile [true], accept filters [false], random [true].
十月 08, 2018 4:45:29 下午 org.apache.coyote.AbstractProtocol init
INFO: Initializing ProtocolHandler ["http-apr-8888"]
十月 08, 2018 4:45:29 下午 org.apache.coyote.AbstractProtocol init
INFO: Initializing ProtocolHandler ["ajp-apr-8010"]
十月 08, 2018 4:45:29 下午 org.apache.catalina.startup.Catalina load
INFO: Initialization processed in 1263 ms
十月 08, 2018 4:45:29 下午 org.apache.catalina.core.StandardService startInternal
INFO: Starting service Catalina
十月 08, 2018 4:45:29 下午 org.apache.catalina.core.StandardEngine startInternal
INFO: Starting Servlet Engine: Apache Tomcat/7.0.23
十月 08, 2018 4:45:29 下午 org.apache.catalina.startup.HostConfig deployWAR
INFO: Deploying web application archive E:\apache-tomcat-7.0.23\apache-tomcat-7.0.23\webapps\real_sync.war
十月 08, 2018 4:45:37 下午 org.apache.catalina.startup.HostConfig deployDirectory
INFO: Deploying web application directory E:\apache-tomcat-7.0.23\apache-tomcat-7.0.23\webapps\docs
十月 08, 2018 4:45:37 下午 org.apache.catalina.startup.HostConfig deployDirectory
INFO: Deploying web application directory E:\apache-tomcat-7.0.23\apache-tomcat-7.0.23\webapps\examples
十月 08, 2018 4:45:37 下午 org.apache.catalina.startup.HostConfig deployDirectory
INFO: Deploying web application directory E:\apache-tomcat-7.0.23\apache-tomcat-7.0.23\webapps\host-manager
十月 08, 2018 4:45:37 下午 org.apache.catalina.startup.HostConfig deployDirectory
INFO: Deploying web application directory E:\apache-tomcat-7.0.23\apache-tomcat-7.0.23\webapps\manager
十月 08, 2018 4:45:37 下午 org.apache.catalina.startup.HostConfig deployDirectory
INFO: Deploying web application directory E:\apache-tomcat-7.0.23\apache-tomcat-7.0.23\webapps\ROOT
十月 08, 2018 4:45:37 下午 org.apache.coyote.AbstractProtocol start
INFO: Starting ProtocolHandler ["http-apr-8888"]
十月 08, 2018 4:45:37 下午 org.apache.coyote.AbstractProtocol start
INFO: Starting ProtocolHandler ["ajp-apr-8010"]
十月 08, 2018 4:45:37 下午 org.apache.catalina.startup.Catalina start
INFO: Server startup in 7920 ms
十月 08, 2018 4:48:00 下午 org.apache.catalina.core.AprLifecycleListener init
INFO: Loaded APR based Apache Tomcat Native library 1.1.22.
十月 08, 2018 4:48:00 下午 org.apache.catalina.core.AprLifecycleListener init
INFO: APR capabilities: IPv6 [false], sendfile [true], accept filters [false], random [true].
十月 08, 2018 4:48:01 下午 org.apache.coyote.AbstractProtocol init
INFO: Initializing ProtocolHandler ["http-apr-8888"]
十月 08, 2018 4:48:01 下午 org.apache.coyote.AbstractProtocol init
INFO: Initializing ProtocolHandler ["ajp-apr-8010"]
十月 08, 2018 4:48:01 下午 org.apache.catalina.startup.Catalina load
INFO: Initialization processed in 1270 ms
十月 08, 2018 4:48:01 下午 org.apache.catalina.core.StandardService startInternal
INFO: Starting service Catalina
十月 08, 2018 4:48:01 下午 org.apache.catalina.core.StandardEngine startInternal
INFO: Starting Servlet Engine: Apache Tomcat/7.0.23
十月 08, 2018 4:48:01 下午 org.apache.catalina.startup.HostConfig deployWAR
INFO: Deploying web application archive E:\apache-tomcat-7.0.23\apache-tomcat-7.0.23\webapps\real_sync.war
十月 08, 2018 4:48:09 下午 org.apache.catalina.startup.HostConfig deployDirectory
INFO: Deploying web application directory E:\apache-tomcat-7.0.23\apache-tomcat-7.0.23\webapps\docs
十月 08, 2018 4:48:09 下午 org.apache.catalina.startup.HostConfig deployDirectory
INFO: Deploying web application directory E:\apache-tomcat-7.0.23\apache-tomcat-7.0.23\webapps\examples
十月 08, 2018 4:48:09 下午 org.apache.catalina.startup.HostConfig deployDirectory
INFO: Deploying web application directory E:\apache-tomcat-7.0.23\apache-tomcat-7.0.23\webapps\host-manager
十月 08, 2018 4:48:09 下午 org.apache.catalina.startup.HostConfig deployDirectory
INFO: Deploying web application directory E:\apache-tomcat-7.0.23\apache-tomcat-7.0.23\webapps\manager
十月 08, 2018 4:48:09 下午 org.apache.catalina.startup.HostConfig deployDirectory
INFO: Deploying web application directory E:\apache-tomcat-7.0.23\apache-tomcat-7.0.23\webapps\ROOT
十月 08, 2018 4:48:09 下午 org.apache.coyote.AbstractProtocol start
INFO: Starting ProtocolHandler ["http-apr-8888"]
十月 08, 2018 4:48:09 下午 org.apache.coyote.AbstractProtocol start
INFO: Starting ProtocolHandler ["ajp-apr-8010"]
十月 08, 2018 4:48:09 下午 org.apache.catalina.startup.Catalina start
INFO: Server startup in 8037 ms
