十月 09, 2018 8:51:51 上午 org.apache.catalina.core.AprLifecycleListener init
INFO: Loaded APR based Apache Tomcat Native library 1.1.22.
十月 09, 2018 8:51:51 上午 org.apache.catalina.core.AprLifecycleListener init
INFO: APR capabilities: IPv6 [false], sendfile [true], accept filters [false], random [true].
十月 09, 2018 8:51:52 上午 org.apache.coyote.AbstractProtocol init
INFO: Initializing ProtocolHandler ["http-apr-8888"]
十月 09, 2018 8:51:52 上午 org.apache.coyote.AbstractProtocol init
INFO: Initializing ProtocolHandler ["ajp-apr-8010"]
十月 09, 2018 8:51:52 上午 org.apache.catalina.startup.Catalina load
INFO: Initialization processed in 1269 ms
十月 09, 2018 8:51:52 上午 org.apache.catalina.core.StandardService startInternal
INFO: Starting service Catalina
十月 09, 2018 8:51:52 上午 org.apache.catalina.core.StandardEngine startInternal
INFO: Starting Servlet Engine: Apache Tomcat/7.0.23
十月 09, 2018 8:51:52 上午 org.apache.catalina.startup.HostConfig deployWAR
INFO: Deploying web application archive E:\apache-tomcat-7.0.23\apache-tomcat-7.0.23\webapps\real_sync.war
十月 09, 2018 8:53:01 上午 org.apache.catalina.core.StandardContext startInternal
SEVERE: Error listenerStart
十月 09, 2018 8:53:01 上午 org.apache.catalina.core.StandardContext startInternal
SEVERE: Context [/real_sync] startup failed due to previous errors
十月 09, 2018 8:53:01 上午 org.apache.catalina.loader.WebappClassLoader clearReferencesJdbc
SEVERE: The web application [/real_sync] registered the JDBC driver [oracle.jdbc.driver.OracleDriver] but failed to unregister it when the web application was stopped. To prevent a memory leak, the JDBC Driver has been forcibly unregistered.
十月 09, 2018 8:53:01 上午 org.apache.catalina.loader.WebappClassLoader clearReferencesJdbc
SEVERE: The web application [/real_sync] registered the JDBC driver [com.mysql.jdbc.Driver] but failed to unregister it when the web application was stopped. To prevent a memory leak, the JDBC Driver has been forcibly unregistered.
十月 09, 2018 8:53:01 上午 org.apache.catalina.loader.WebappClassLoader clearReferencesThreads
SEVERE: The web application [/real_sync] appears to have started a thread named [FileWatchdog] but has failed to stop it. This is very likely to create a memory leak.
十月 09, 2018 8:53:01 上午 org.apache.catalina.loader.WebappClassLoader clearReferencesThreads
SEVERE: The web application [/real_sync] appears to have started a thread named [Abandoned connection cleanup thread] but has failed to stop it. This is very likely to create a memory leak.
十月 09, 2018 8:53:01 上午 org.apache.catalina.startup.HostConfig deployDirectory
INFO: Deploying web application directory E:\apache-tomcat-7.0.23\apache-tomcat-7.0.23\webapps\docs
十月 09, 2018 8:53:01 上午 org.apache.catalina.startup.HostConfig deployDirectory
INFO: Deploying web application directory E:\apache-tomcat-7.0.23\apache-tomcat-7.0.23\webapps\examples
十月 09, 2018 8:53:01 上午 org.apache.catalina.startup.HostConfig deployDirectory
INFO: Deploying web application directory E:\apache-tomcat-7.0.23\apache-tomcat-7.0.23\webapps\host-manager
十月 09, 2018 8:53:01 上午 org.apache.catalina.startup.HostConfig deployDirectory
INFO: Deploying web application directory E:\apache-tomcat-7.0.23\apache-tomcat-7.0.23\webapps\manager
十月 09, 2018 8:53:01 上午 org.apache.catalina.startup.HostConfig deployDirectory
INFO: Deploying web application directory E:\apache-tomcat-7.0.23\apache-tomcat-7.0.23\webapps\ROOT
十月 09, 2018 8:53:01 上午 org.apache.coyote.AbstractProtocol start
INFO: Starting ProtocolHandler ["http-apr-8888"]
十月 09, 2018 8:53:01 上午 org.apache.coyote.AbstractProtocol start
INFO: Starting ProtocolHandler ["ajp-apr-8010"]
十月 09, 2018 8:53:01 上午 org.apache.catalina.startup.Catalina start
INFO: Server startup in 69585 ms
十月 09, 2018 8:57:42 上午 org.apache.catalina.core.AprLifecycleListener init
INFO: Loaded APR based Apache Tomcat Native library 1.1.22.
十月 09, 2018 8:57:42 上午 org.apache.catalina.core.AprLifecycleListener init
INFO: APR capabilities: IPv6 [false], sendfile [true], accept filters [false], random [true].
十月 09, 2018 8:57:43 上午 org.apache.coyote.AbstractProtocol init
INFO: Initializing ProtocolHandler ["http-apr-8888"]
十月 09, 2018 8:57:43 上午 org.apache.coyote.AbstractProtocol init
INFO: Initializing ProtocolHandler ["ajp-apr-8010"]
十月 09, 2018 8:57:43 上午 org.apache.catalina.startup.Catalina load
INFO: Initialization processed in 1255 ms
十月 09, 2018 8:57:43 上午 org.apache.catalina.core.StandardService startInternal
INFO: Starting service Catalina
十月 09, 2018 8:57:43 上午 org.apache.catalina.core.StandardEngine startInternal
INFO: Starting Servlet Engine: Apache Tomcat/7.0.23
十月 09, 2018 8:57:43 上午 org.apache.catalina.startup.HostConfig deployWAR
INFO: Deploying web application archive E:\apache-tomcat-7.0.23\apache-tomcat-7.0.23\webapps\real_sync.war
十月 09, 2018 8:57:51 上午 org.apache.catalina.startup.HostConfig deployDirectory
INFO: Deploying web application directory E:\apache-tomcat-7.0.23\apache-tomcat-7.0.23\webapps\docs
十月 09, 2018 8:57:51 上午 org.apache.catalina.startup.HostConfig deployDirectory
INFO: Deploying web application directory E:\apache-tomcat-7.0.23\apache-tomcat-7.0.23\webapps\examples
十月 09, 2018 8:57:51 上午 org.apache.catalina.startup.HostConfig deployDirectory
INFO: Deploying web application directory E:\apache-tomcat-7.0.23\apache-tomcat-7.0.23\webapps\host-manager
十月 09, 2018 8:57:51 上午 org.apache.catalina.startup.HostConfig deployDirectory
INFO: Deploying web application directory E:\apache-tomcat-7.0.23\apache-tomcat-7.0.23\webapps\manager
十月 09, 2018 8:57:51 上午 org.apache.catalina.startup.HostConfig deployDirectory
INFO: Deploying web application directory E:\apache-tomcat-7.0.23\apache-tomcat-7.0.23\webapps\ROOT
十月 09, 2018 8:57:51 上午 org.apache.coyote.AbstractProtocol start
INFO: Starting ProtocolHandler ["http-apr-8888"]
十月 09, 2018 8:57:51 上午 org.apache.coyote.AbstractProtocol start
INFO: Starting ProtocolHandler ["ajp-apr-8010"]
十月 09, 2018 8:57:51 上午 org.apache.catalina.startup.Catalina start
INFO: Server startup in 7810 ms
十月 09, 2018 11:12:03 上午 org.apache.catalina.core.AprLifecycleListener init
INFO: Loaded APR based Apache Tomcat Native library 1.1.22.
十月 09, 2018 11:12:03 上午 org.apache.catalina.core.AprLifecycleListener init
INFO: APR capabilities: IPv6 [false], sendfile [true], accept filters [false], random [true].
十月 09, 2018 11:12:04 上午 org.apache.coyote.AbstractProtocol init
INFO: Initializing ProtocolHandler ["http-apr-8888"]
十月 09, 2018 11:12:04 上午 org.apache.coyote.AbstractProtocol init
INFO: Initializing ProtocolHandler ["ajp-apr-8010"]
十月 09, 2018 11:12:04 上午 org.apache.catalina.startup.Catalina load
INFO: Initialization processed in 1252 ms
十月 09, 2018 11:12:04 上午 org.apache.catalina.core.StandardService startInternal
INFO: Starting service Catalina
十月 09, 2018 11:12:04 上午 org.apache.catalina.core.StandardEngine startInternal
INFO: Starting Servlet Engine: Apache Tomcat/7.0.23
十月 09, 2018 11:12:04 上午 org.apache.catalina.startup.HostConfig deployWAR
INFO: Deploying web application archive E:\apache-tomcat-7.0.23\apache-tomcat-7.0.23\webapps\real_sync.war
十月 09, 2018 11:12:37 上午 org.apache.catalina.core.AprLifecycleListener init
INFO: Loaded APR based Apache Tomcat Native library 1.1.22.
十月 09, 2018 11:12:37 上午 org.apache.catalina.core.AprLifecycleListener init
INFO: APR capabilities: IPv6 [false], sendfile [true], accept filters [false], random [true].
十月 09, 2018 11:12:38 上午 org.apache.coyote.AbstractProtocol init
INFO: Initializing ProtocolHandler ["http-apr-8888"]
十月 09, 2018 11:12:38 上午 org.apache.coyote.AbstractProtocol init
INFO: Initializing ProtocolHandler ["ajp-apr-8010"]
十月 09, 2018 11:12:38 上午 org.apache.catalina.startup.Catalina load
INFO: Initialization processed in 1300 ms
十月 09, 2018 11:12:38 上午 org.apache.catalina.core.StandardService startInternal
INFO: Starting service Catalina
十月 09, 2018 11:12:38 上午 org.apache.catalina.core.StandardEngine startInternal
INFO: Starting Servlet Engine: Apache Tomcat/7.0.23
十月 09, 2018 11:12:38 上午 org.apache.catalina.startup.HostConfig deployWAR
INFO: Deploying web application archive E:\apache-tomcat-7.0.23\apache-tomcat-7.0.23\webapps\real_sync.war
十月 09, 2018 11:12:45 上午 org.apache.catalina.startup.HostConfig deployDirectory
INFO: Deploying web application directory E:\apache-tomcat-7.0.23\apache-tomcat-7.0.23\webapps\docs
十月 09, 2018 11:12:45 上午 org.apache.catalina.startup.HostConfig deployDirectory
INFO: Deploying web application directory E:\apache-tomcat-7.0.23\apache-tomcat-7.0.23\webapps\examples
十月 09, 2018 11:12:45 上午 org.apache.catalina.startup.HostConfig deployDirectory
INFO: Deploying web application directory E:\apache-tomcat-7.0.23\apache-tomcat-7.0.23\webapps\host-manager
十月 09, 2018 11:12:45 上午 org.apache.catalina.startup.HostConfig deployDirectory
INFO: Deploying web application directory E:\apache-tomcat-7.0.23\apache-tomcat-7.0.23\webapps\manager
十月 09, 2018 11:12:45 上午 org.apache.catalina.startup.HostConfig deployDirectory
INFO: Deploying web application directory E:\apache-tomcat-7.0.23\apache-tomcat-7.0.23\webapps\ROOT
十月 09, 2018 11:12:45 上午 org.apache.coyote.AbstractProtocol start
INFO: Starting ProtocolHandler ["http-apr-8888"]
十月 09, 2018 11:12:45 上午 org.apache.coyote.AbstractProtocol start
INFO: Starting ProtocolHandler ["ajp-apr-8010"]
十月 09, 2018 11:12:45 上午 org.apache.catalina.startup.Catalina start
INFO: Server startup in 7580 ms
十月 09, 2018 1:53:34 下午 org.apache.catalina.core.AprLifecycleListener init
INFO: Loaded APR based Apache Tomcat Native library 1.1.22.
十月 09, 2018 1:53:34 下午 org.apache.catalina.core.AprLifecycleListener init
INFO: APR capabilities: IPv6 [false], sendfile [true], accept filters [false], random [true].
十月 09, 2018 1:53:35 下午 org.apache.coyote.AbstractProtocol init
INFO: Initializing ProtocolHandler ["http-apr-8888"]
十月 09, 2018 1:53:35 下午 org.apache.coyote.AbstractProtocol init
INFO: Initializing ProtocolHandler ["ajp-apr-8010"]
十月 09, 2018 1:53:35 下午 org.apache.catalina.startup.Catalina load
INFO: Initialization processed in 1327 ms
十月 09, 2018 1:53:35 下午 org.apache.catalina.core.StandardService startInternal
INFO: Starting service Catalina
十月 09, 2018 1:53:35 下午 org.apache.catalina.core.StandardEngine startInternal
INFO: Starting Servlet Engine: Apache Tomcat/7.0.23
十月 09, 2018 1:53:36 下午 org.apache.catalina.startup.HostConfig deployWAR
INFO: Deploying web application archive E:\apache-tomcat-7.0.23\apache-tomcat-7.0.23\webapps\real_sync.war
十月 09, 2018 1:53:43 下午 org.apache.catalina.startup.HostConfig deployDirectory
INFO: Deploying web application directory E:\apache-tomcat-7.0.23\apache-tomcat-7.0.23\webapps\docs
十月 09, 2018 1:53:43 下午 org.apache.catalina.startup.HostConfig deployDirectory
INFO: Deploying web application directory E:\apache-tomcat-7.0.23\apache-tomcat-7.0.23\webapps\examples
十月 09, 2018 1:53:43 下午 org.apache.catalina.startup.HostConfig deployDirectory
INFO: Deploying web application directory E:\apache-tomcat-7.0.23\apache-tomcat-7.0.23\webapps\host-manager
十月 09, 2018 1:53:43 下午 org.apache.catalina.startup.HostConfig deployDirectory
INFO: Deploying web application directory E:\apache-tomcat-7.0.23\apache-tomcat-7.0.23\webapps\manager
十月 09, 2018 1:53:43 下午 org.apache.catalina.startup.HostConfig deployDirectory
INFO: Deploying web application directory E:\apache-tomcat-7.0.23\apache-tomcat-7.0.23\webapps\ROOT
十月 09, 2018 1:53:43 下午 org.apache.coyote.AbstractProtocol start
INFO: Starting ProtocolHandler ["http-apr-8888"]
十月 09, 2018 1:53:43 下午 org.apache.coyote.AbstractProtocol start
INFO: Starting ProtocolHandler ["ajp-apr-8010"]
十月 09, 2018 1:53:43 下午 org.apache.catalina.startup.Catalina start
INFO: Server startup in 8000 ms
十月 09, 2018 1:54:45 下午 org.apache.catalina.core.AprLifecycleListener init
INFO: Loaded APR based Apache Tomcat Native library 1.1.22.
十月 09, 2018 1:54:45 下午 org.apache.catalina.core.AprLifecycleListener init
INFO: APR capabilities: IPv6 [false], sendfile [true], accept filters [false], random [true].
十月 09, 2018 1:54:46 下午 org.apache.coyote.AbstractProtocol init
INFO: Initializing ProtocolHandler ["http-apr-8888"]
十月 09, 2018 1:54:46 下午 org.apache.coyote.AbstractProtocol init
INFO: Initializing ProtocolHandler ["ajp-apr-8010"]
十月 09, 2018 1:54:46 下午 org.apache.catalina.startup.Catalina load
INFO: Initialization processed in 1268 ms
十月 09, 2018 1:54:46 下午 org.apache.catalina.core.StandardService startInternal
INFO: Starting service Catalina
十月 09, 2018 1:54:46 下午 org.apache.catalina.core.StandardEngine startInternal
INFO: Starting Servlet Engine: Apache Tomcat/7.0.23
十月 09, 2018 1:54:46 下午 org.apache.catalina.startup.HostConfig deployWAR
INFO: Deploying web application archive E:\apache-tomcat-7.0.23\apache-tomcat-7.0.23\webapps\real_sync.war
十月 09, 2018 1:55:03 下午 org.apache.catalina.startup.HostConfig deployDirectory
INFO: Deploying web application directory E:\apache-tomcat-7.0.23\apache-tomcat-7.0.23\webapps\docs
十月 09, 2018 1:55:03 下午 org.apache.catalina.startup.HostConfig deployDirectory
INFO: Deploying web application directory E:\apache-tomcat-7.0.23\apache-tomcat-7.0.23\webapps\examples
十月 09, 2018 1:55:03 下午 org.apache.catalina.startup.HostConfig deployDirectory
INFO: Deploying web application directory E:\apache-tomcat-7.0.23\apache-tomcat-7.0.23\webapps\host-manager
十月 09, 2018 1:55:03 下午 org.apache.catalina.startup.HostConfig deployDirectory
INFO: Deploying web application directory E:\apache-tomcat-7.0.23\apache-tomcat-7.0.23\webapps\manager
十月 09, 2018 1:55:03 下午 org.apache.catalina.startup.HostConfig deployDirectory
INFO: Deploying web application directory E:\apache-tomcat-7.0.23\apache-tomcat-7.0.23\webapps\ROOT
十月 09, 2018 1:55:03 下午 org.apache.coyote.AbstractProtocol start
INFO: Starting ProtocolHandler ["http-apr-8888"]
十月 09, 2018 1:55:03 下午 org.apache.coyote.AbstractProtocol start
INFO: Starting ProtocolHandler ["ajp-apr-8010"]
十月 09, 2018 1:55:03 下午 org.apache.catalina.startup.Catalina start
INFO: Server startup in 16798 ms
十月 09, 2018 1:55:51 下午 org.apache.catalina.core.AprLifecycleListener init
INFO: Loaded APR based Apache Tomcat Native library 1.1.22.
十月 09, 2018 1:55:51 下午 org.apache.catalina.core.AprLifecycleListener init
INFO: APR capabilities: IPv6 [false], sendfile [true], accept filters [false], random [true].
十月 09, 2018 1:55:52 下午 org.apache.coyote.AbstractProtocol init
INFO: Initializing ProtocolHandler ["http-apr-8888"]
十月 09, 2018 1:55:52 下午 org.apache.coyote.AbstractProtocol init
INFO: Initializing ProtocolHandler ["ajp-apr-8010"]
十月 09, 2018 1:55:52 下午 org.apache.catalina.startup.Catalina load
INFO: Initialization processed in 1373 ms
十月 09, 2018 1:55:52 下午 org.apache.catalina.core.StandardService startInternal
INFO: Starting service Catalina
十月 09, 2018 1:55:52 下午 org.apache.catalina.core.StandardEngine startInternal
INFO: Starting Servlet Engine: Apache Tomcat/7.0.23
十月 09, 2018 1:55:52 下午 org.apache.catalina.startup.HostConfig deployWAR
INFO: Deploying web application archive E:\apache-tomcat-7.0.23\apache-tomcat-7.0.23\webapps\real_sync.war
十月 09, 2018 1:55:59 下午 org.apache.catalina.startup.HostConfig deployDirectory
INFO: Deploying web application directory E:\apache-tomcat-7.0.23\apache-tomcat-7.0.23\webapps\docs
十月 09, 2018 1:55:59 下午 org.apache.catalina.startup.HostConfig deployDirectory
INFO: Deploying web application directory E:\apache-tomcat-7.0.23\apache-tomcat-7.0.23\webapps\examples
十月 09, 2018 1:55:59 下午 org.apache.catalina.startup.HostConfig deployDirectory
INFO: Deploying web application directory E:\apache-tomcat-7.0.23\apache-tomcat-7.0.23\webapps\host-manager
十月 09, 2018 1:55:59 下午 org.apache.catalina.startup.HostConfig deployDirectory
INFO: Deploying web application directory E:\apache-tomcat-7.0.23\apache-tomcat-7.0.23\webapps\manager
十月 09, 2018 1:55:59 下午 org.apache.catalina.startup.HostConfig deployDirectory
INFO: Deploying web application directory E:\apache-tomcat-7.0.23\apache-tomcat-7.0.23\webapps\ROOT
十月 09, 2018 1:55:59 下午 org.apache.coyote.AbstractProtocol start
INFO: Starting ProtocolHandler ["http-apr-8888"]
十月 09, 2018 1:55:59 下午 org.apache.coyote.AbstractProtocol start
INFO: Starting ProtocolHandler ["ajp-apr-8010"]
十月 09, 2018 1:55:59 下午 org.apache.catalina.startup.Catalina start
INFO: Server startup in 7417 ms
十月 09, 2018 1:59:21 下午 org.apache.catalina.core.AprLifecycleListener init
INFO: Loaded APR based Apache Tomcat Native library 1.1.22.
十月 09, 2018 1:59:21 下午 org.apache.catalina.core.AprLifecycleListener init
INFO: APR capabilities: IPv6 [false], sendfile [true], accept filters [false], random [true].
十月 09, 2018 1:59:22 下午 org.apache.coyote.AbstractProtocol init
INFO: Initializing ProtocolHandler ["http-apr-8888"]
十月 09, 2018 1:59:22 下午 org.apache.coyote.AbstractProtocol init
INFO: Initializing ProtocolHandler ["ajp-apr-8010"]
十月 09, 2018 1:59:22 下午 org.apache.catalina.startup.Catalina load
INFO: Initialization processed in 1270 ms
十月 09, 2018 1:59:22 下午 org.apache.catalina.core.StandardService startInternal
INFO: Starting service Catalina
十月 09, 2018 1:59:22 下午 org.apache.catalina.core.StandardEngine startInternal
INFO: Starting Servlet Engine: Apache Tomcat/7.0.23
十月 09, 2018 1:59:22 下午 org.apache.catalina.startup.HostConfig deployWAR
INFO: Deploying web application archive E:\apache-tomcat-7.0.23\apache-tomcat-7.0.23\webapps\real_sync.war
十月 09, 2018 1:59:29 下午 org.apache.catalina.startup.HostConfig deployDirectory
INFO: Deploying web application directory E:\apache-tomcat-7.0.23\apache-tomcat-7.0.23\webapps\docs
十月 09, 2018 1:59:29 下午 org.apache.catalina.startup.HostConfig deployDirectory
INFO: Deploying web application directory E:\apache-tomcat-7.0.23\apache-tomcat-7.0.23\webapps\examples
十月 09, 2018 1:59:29 下午 org.apache.catalina.startup.HostConfig deployDirectory
INFO: Deploying web application directory E:\apache-tomcat-7.0.23\apache-tomcat-7.0.23\webapps\host-manager
十月 09, 2018 1:59:29 下午 org.apache.catalina.startup.HostConfig deployDirectory
INFO: Deploying web application directory E:\apache-tomcat-7.0.23\apache-tomcat-7.0.23\webapps\manager
十月 09, 2018 1:59:29 下午 org.apache.catalina.startup.HostConfig deployDirectory
INFO: Deploying web application directory E:\apache-tomcat-7.0.23\apache-tomcat-7.0.23\webapps\ROOT
十月 09, 2018 1:59:29 下午 org.apache.coyote.AbstractProtocol start
INFO: Starting ProtocolHandler ["http-apr-8888"]
十月 09, 2018 1:59:29 下午 org.apache.coyote.AbstractProtocol start
INFO: Starting ProtocolHandler ["ajp-apr-8010"]
十月 09, 2018 1:59:29 下午 org.apache.catalina.startup.Catalina start
INFO: Server startup in 7495 ms
十月 09, 2018 5:04:42 下午 org.apache.coyote.AbstractProtocol pause
INFO: Pausing ProtocolHandler ["http-apr-8888"]
十月 09, 2018 5:04:42 下午 org.apache.coyote.AbstractProtocol pause
INFO: Pausing ProtocolHandler ["ajp-apr-8010"]
十月 09, 2018 5:04:42 下午 org.apache.catalina.core.StandardService stopInternal
INFO: Stopping service Catalina
十月 09, 2018 5:04:42 下午 org.apache.catalina.loader.WebappClassLoader clearReferencesJdbc
SEVERE: The web application [/real_sync] registered the JDBC driver [oracle.jdbc.driver.OracleDriver] but failed to unregister it when the web application was stopped. To prevent a memory leak, the JDBC Driver has been forcibly unregistered.
十月 09, 2018 5:04:42 下午 org.apache.catalina.loader.WebappClassLoader clearReferencesJdbc
SEVERE: The web application [/real_sync] registered the JDBC driver [com.mysql.jdbc.Driver] but failed to unregister it when the web application was stopped. To prevent a memory leak, the JDBC Driver has been forcibly unregistered.
十月 09, 2018 5:04:42 下午 org.apache.catalina.loader.WebappClassLoader clearReferencesThreads
SEVERE: The web application [/real_sync] appears to have started a thread named [FileWatchdog] but has failed to stop it. This is very likely to create a memory leak.
十月 09, 2018 5:04:42 下午 org.apache.catalina.loader.WebappClassLoader clearReferencesThreads
SEVERE: The web application [/real_sync] appears to have started a thread named [Abandoned connection cleanup thread] but has failed to stop it. This is very likely to create a memory leak.
十月 09, 2018 5:04:42 下午 org.apache.catalina.loader.WebappClassLoader clearReferencesThreads
SEVERE: The web application [/real_sync] appears to have started a thread named [Curator-ConnectionStateManager-0] but has failed to stop it. This is very likely to create a memory leak.
十月 09, 2018 5:04:42 下午 org.apache.catalina.loader.WebappClassLoader clearReferencesThreads
SEVERE: The web application [/real_sync] appears to have started a thread named [pool-2-thread-1-SendThread(127.0.0.1:2181)] but has failed to stop it. This is very likely to create a memory leak.
十月 09, 2018 5:04:42 下午 org.apache.catalina.loader.WebappClassLoader clearReferencesThreads
SEVERE: The web application [/real_sync] appears to have started a thread named [pool-2-thread-1-EventThread] but has failed to stop it. This is very likely to create a memory leak.
十月 09, 2018 5:04:42 下午 org.apache.catalina.loader.WebappClassLoader clearReferencesThreads
SEVERE: The web application [/real_sync] appears to have started a thread named [Curator-Framework-0] but has failed to stop it. This is very likely to create a memory leak.
十月 09, 2018 5:04:42 下午 org.apache.catalina.loader.WebappClassLoader clearReferencesThreads
SEVERE: The web application [/real_sync] appears to have started a thread named [tbAlarmDataflowJob_Worker-1] but has failed to stop it. This is very likely to create a memory leak.
十月 09, 2018 5:04:42 下午 org.apache.catalina.loader.WebappClassLoader clearReferencesThreads
SEVERE: The web application [/real_sync] appears to have started a thread named [Timer-0] but has failed to stop it. This is very likely to create a memory leak.
十月 09, 2018 5:04:42 下午 org.apache.catalina.loader.WebappClassLoader clearReferencesThreads
SEVERE: The web application [/real_sync] appears to have started a thread named [Curator-TreeCache-0] but has failed to stop it. This is very likely to create a memory leak.
十月 09, 2018 5:04:42 下午 org.apache.catalina.loader.WebappClassLoader clearReferencesThreads
SEVERE: The web application [/real_sync] appears to have started a thread named [ReconcileService] but has failed to stop it. This is very likely to create a memory leak.
十月 09, 2018 5:04:42 下午 org.apache.catalina.loader.WebappClassLoader clearReferencesThreads
SEVERE: The web application [/real_sync] appears to have started a thread named [Quartz Shutdown-Hook tbAlarmDataflowJob] but has failed to stop it. This is very likely to create a memory leak.
十月 09, 2018 5:04:42 下午 org.apache.catalina.loader.WebappClassLoader clearReferencesThreads
SEVERE: The web application [/real_sync] appears to have started a thread named [tbAlarmDataflowJob_QuartzSchedulerThread] but has failed to stop it. This is very likely to create a memory leak.
十月 09, 2018 5:04:42 下午 org.apache.catalina.loader.WebappClassLoader checkThreadLocalMapForLeaks
SEVERE: The web application [/real_sync] created a ThreadLocal with key of type [io.shardingsphere.core.executor.threadlocal.ExecutorDataMap$1] (value [io.shardingsphere.core.executor.threadlocal.ExecutorDataMap$1@bdd3e5]) and a value of type [java.util.LinkedHashMap] (value [{}]) but failed to remove it when the web application was stopped. Threads are going to be renewed over time to try and avoid a probable memory leak.
十月 09, 2018 5:04:42 下午 org.apache.coyote.AbstractProtocol stop
INFO: Stopping ProtocolHandler ["http-apr-8888"]
十月 09, 2018 5:04:42 下午 org.apache.coyote.AbstractProtocol stop
INFO: Stopping ProtocolHandler ["ajp-apr-8010"]
十月 09, 2018 5:04:42 下午 org.apache.coyote.AbstractProtocol destroy
INFO: Destroying ProtocolHandler ["http-apr-8888"]
十月 09, 2018 5:04:42 下午 org.apache.coyote.AbstractProtocol destroy
INFO: Destroying ProtocolHandler ["ajp-apr-8010"]
十月 09, 2018 5:08:32 下午 org.apache.catalina.core.AprLifecycleListener init
INFO: Loaded APR based Apache Tomcat Native library 1.1.22.
十月 09, 2018 5:08:32 下午 org.apache.catalina.core.AprLifecycleListener init
INFO: APR capabilities: IPv6 [false], sendfile [true], accept filters [false], random [true].
十月 09, 2018 5:08:33 下午 org.apache.coyote.AbstractProtocol init
INFO: Initializing ProtocolHandler ["http-apr-8888"]
十月 09, 2018 5:08:33 下午 org.apache.coyote.AbstractProtocol init
INFO: Initializing ProtocolHandler ["ajp-apr-8010"]
十月 09, 2018 5:08:33 下午 org.apache.catalina.startup.Catalina load
INFO: Initialization processed in 1265 ms
十月 09, 2018 5:08:33 下午 org.apache.catalina.core.StandardService startInternal
INFO: Starting service Catalina
十月 09, 2018 5:08:33 下午 org.apache.catalina.core.StandardEngine startInternal
INFO: Starting Servlet Engine: Apache Tomcat/7.0.23
十月 09, 2018 5:08:33 下午 org.apache.catalina.startup.HostConfig deployWAR
INFO: Deploying web application archive E:\apache-tomcat-7.0.23\apache-tomcat-7.0.23\webapps\real_sync.war
十月 09, 2018 5:08:55 下午 org.apache.catalina.core.StandardContext startInternal
SEVERE: Error listenerStart
十月 09, 2018 5:08:56 下午 org.apache.catalina.core.StandardContext startInternal
SEVERE: Context [/real_sync] startup failed due to previous errors
十月 09, 2018 5:08:56 下午 org.apache.catalina.loader.WebappClassLoader clearReferencesThreads
SEVERE: The web application [/real_sync] appears to have started a thread named [FileWatchdog] but has failed to stop it. This is very likely to create a memory leak.
十月 09, 2018 5:08:56 下午 org.apache.catalina.startup.HostConfig deployDirectory
INFO: Deploying web application directory E:\apache-tomcat-7.0.23\apache-tomcat-7.0.23\webapps\docs
十月 09, 2018 5:08:56 下午 org.apache.catalina.startup.HostConfig deployDirectory
INFO: Deploying web application directory E:\apache-tomcat-7.0.23\apache-tomcat-7.0.23\webapps\examples
十月 09, 2018 5:08:56 下午 org.apache.catalina.startup.HostConfig deployDirectory
INFO: Deploying web application directory E:\apache-tomcat-7.0.23\apache-tomcat-7.0.23\webapps\host-manager
十月 09, 2018 5:08:56 下午 org.apache.catalina.startup.HostConfig deployDirectory
INFO: Deploying web application directory E:\apache-tomcat-7.0.23\apache-tomcat-7.0.23\webapps\manager
十月 09, 2018 5:08:56 下午 org.apache.catalina.startup.HostConfig deployDirectory
INFO: Deploying web application directory E:\apache-tomcat-7.0.23\apache-tomcat-7.0.23\webapps\ROOT
十月 09, 2018 5:08:56 下午 org.apache.coyote.AbstractProtocol start
INFO: Starting ProtocolHandler ["http-apr-8888"]
十月 09, 2018 5:08:56 下午 org.apache.coyote.AbstractProtocol start
INFO: Starting ProtocolHandler ["ajp-apr-8010"]
十月 09, 2018 5:08:56 下午 org.apache.catalina.startup.Catalina start
INFO: Server startup in 22643 ms
十月 09, 2018 5:09:26 下午 org.apache.catalina.core.AprLifecycleListener init
INFO: Loaded APR based Apache Tomcat Native library 1.1.22.
十月 09, 2018 5:09:26 下午 org.apache.catalina.core.AprLifecycleListener init
INFO: APR capabilities: IPv6 [false], sendfile [true], accept filters [false], random [true].
十月 09, 2018 5:09:27 下午 org.apache.coyote.AbstractProtocol init
INFO: Initializing ProtocolHandler ["http-apr-8888"]
十月 09, 2018 5:09:27 下午 org.apache.coyote.AbstractProtocol init
INFO: Initializing ProtocolHandler ["ajp-apr-8010"]
十月 09, 2018 5:09:27 下午 org.apache.catalina.startup.Catalina load
INFO: Initialization processed in 1333 ms
十月 09, 2018 5:09:27 下午 org.apache.catalina.core.StandardService startInternal
INFO: Starting service Catalina
十月 09, 2018 5:09:27 下午 org.apache.catalina.core.StandardEngine startInternal
INFO: Starting Servlet Engine: Apache Tomcat/7.0.23
十月 09, 2018 5:09:27 下午 org.apache.catalina.startup.HostConfig deployWAR
INFO: Deploying web application archive E:\apache-tomcat-7.0.23\apache-tomcat-7.0.23\webapps\real_sync.war
十月 09, 2018 5:10:10 下午 org.apache.catalina.core.AprLifecycleListener init
INFO: Loaded APR based Apache Tomcat Native library 1.1.22.
十月 09, 2018 5:10:10 下午 org.apache.catalina.core.AprLifecycleListener init
INFO: APR capabilities: IPv6 [false], sendfile [true], accept filters [false], random [true].
十月 09, 2018 5:10:11 下午 org.apache.coyote.AbstractProtocol init
INFO: Initializing ProtocolHandler ["http-apr-8888"]
十月 09, 2018 5:10:11 下午 org.apache.coyote.AbstractProtocol init
INFO: Initializing ProtocolHandler ["ajp-apr-8010"]
十月 09, 2018 5:10:11 下午 org.apache.catalina.startup.Catalina load
INFO: Initialization processed in 1345 ms
十月 09, 2018 5:10:12 下午 org.apache.catalina.core.StandardService startInternal
INFO: Starting service Catalina
十月 09, 2018 5:10:12 下午 org.apache.catalina.core.StandardEngine startInternal
INFO: Starting Servlet Engine: Apache Tomcat/7.0.23
十月 09, 2018 5:10:12 下午 org.apache.catalina.startup.HostConfig deployWAR
INFO: Deploying web application archive E:\apache-tomcat-7.0.23\apache-tomcat-7.0.23\webapps\real_sync.war
十月 09, 2018 5:12:03 下午 org.apache.catalina.core.AprLifecycleListener init
INFO: Loaded APR based Apache Tomcat Native library 1.1.22.
十月 09, 2018 5:12:03 下午 org.apache.catalina.core.AprLifecycleListener init
INFO: APR capabilities: IPv6 [false], sendfile [true], accept filters [false], random [true].
十月 09, 2018 5:12:04 下午 org.apache.coyote.AbstractProtocol init
INFO: Initializing ProtocolHandler ["http-apr-8888"]
十月 09, 2018 5:12:04 下午 org.apache.coyote.AbstractProtocol init
INFO: Initializing ProtocolHandler ["ajp-apr-8010"]
十月 09, 2018 5:12:04 下午 org.apache.catalina.startup.Catalina load
INFO: Initialization processed in 1243 ms
十月 09, 2018 5:12:04 下午 org.apache.catalina.core.StandardService startInternal
INFO: Starting service Catalina
十月 09, 2018 5:12:04 下午 org.apache.catalina.core.StandardEngine startInternal
INFO: Starting Servlet Engine: Apache Tomcat/7.0.23
十月 09, 2018 5:12:04 下午 org.apache.catalina.startup.HostConfig deployWAR
INFO: Deploying web application archive E:\apache-tomcat-7.0.23\apache-tomcat-7.0.23\webapps\real_sync.war
十月 09, 2018 5:12:26 下午 org.apache.catalina.core.StandardContext startInternal
SEVERE: Error listenerStart
十月 09, 2018 5:12:26 下午 org.apache.catalina.core.StandardContext startInternal
SEVERE: Context [/real_sync] startup failed due to previous errors
十月 09, 2018 5:12:26 下午 org.apache.catalina.loader.WebappClassLoader clearReferencesThreads
SEVERE: The web application [/real_sync] appears to have started a thread named [FileWatchdog] but has failed to stop it. This is very likely to create a memory leak.
十月 09, 2018 5:12:26 下午 org.apache.catalina.startup.HostConfig deployDirectory
INFO: Deploying web application directory E:\apache-tomcat-7.0.23\apache-tomcat-7.0.23\webapps\docs
十月 09, 2018 5:12:26 下午 org.apache.catalina.startup.HostConfig deployDirectory
INFO: Deploying web application directory E:\apache-tomcat-7.0.23\apache-tomcat-7.0.23\webapps\examples
十月 09, 2018 5:12:26 下午 org.apache.catalina.startup.HostConfig deployDirectory
INFO: Deploying web application directory E:\apache-tomcat-7.0.23\apache-tomcat-7.0.23\webapps\host-manager
十月 09, 2018 5:12:26 下午 org.apache.catalina.startup.HostConfig deployDirectory
INFO: Deploying web application directory E:\apache-tomcat-7.0.23\apache-tomcat-7.0.23\webapps\manager
十月 09, 2018 5:12:26 下午 org.apache.catalina.startup.HostConfig deployDirectory
INFO: Deploying web application directory E:\apache-tomcat-7.0.23\apache-tomcat-7.0.23\webapps\ROOT
十月 09, 2018 5:12:26 下午 org.apache.coyote.AbstractProtocol start
INFO: Starting ProtocolHandler ["http-apr-8888"]
十月 09, 2018 5:12:26 下午 org.apache.coyote.AbstractProtocol start
INFO: Starting ProtocolHandler ["ajp-apr-8010"]
十月 09, 2018 5:12:26 下午 org.apache.catalina.startup.Catalina start
INFO: Server startup in 22202 ms
十月 09, 2018 5:14:12 下午 org.apache.catalina.core.AprLifecycleListener init
INFO: Loaded APR based Apache Tomcat Native library 1.1.22.
十月 09, 2018 5:14:12 下午 org.apache.catalina.core.AprLifecycleListener init
INFO: APR capabilities: IPv6 [false], sendfile [true], accept filters [false], random [true].
十月 09, 2018 5:14:13 下午 org.apache.coyote.AbstractProtocol init
INFO: Initializing ProtocolHandler ["http-apr-8888"]
十月 09, 2018 5:14:13 下午 org.apache.coyote.AbstractProtocol init
INFO: Initializing ProtocolHandler ["ajp-apr-8010"]
十月 09, 2018 5:14:13 下午 org.apache.catalina.startup.Catalina load
INFO: Initialization processed in 1235 ms
十月 09, 2018 5:14:13 下午 org.apache.catalina.core.StandardService startInternal
INFO: Starting service Catalina
十月 09, 2018 5:14:13 下午 org.apache.catalina.core.StandardEngine startInternal
INFO: Starting Servlet Engine: Apache Tomcat/7.0.23
十月 09, 2018 5:14:13 下午 org.apache.catalina.startup.HostConfig deployWAR
INFO: Deploying web application archive E:\apache-tomcat-7.0.23\apache-tomcat-7.0.23\webapps\real_sync.war
十月 09, 2018 5:14:20 下午 org.apache.catalina.startup.HostConfig deployDirectory
INFO: Deploying web application directory E:\apache-tomcat-7.0.23\apache-tomcat-7.0.23\webapps\docs
十月 09, 2018 5:14:20 下午 org.apache.catalina.startup.HostConfig deployDirectory
INFO: Deploying web application directory E:\apache-tomcat-7.0.23\apache-tomcat-7.0.23\webapps\examples
十月 09, 2018 5:14:20 下午 org.apache.catalina.startup.HostConfig deployDirectory
INFO: Deploying web application directory E:\apache-tomcat-7.0.23\apache-tomcat-7.0.23\webapps\host-manager
十月 09, 2018 5:14:21 下午 org.apache.catalina.startup.HostConfig deployDirectory
INFO: Deploying web application directory E:\apache-tomcat-7.0.23\apache-tomcat-7.0.23\webapps\manager
十月 09, 2018 5:14:21 下午 org.apache.catalina.startup.HostConfig deployDirectory
INFO: Deploying web application directory E:\apache-tomcat-7.0.23\apache-tomcat-7.0.23\webapps\ROOT
十月 09, 2018 5:14:21 下午 org.apache.coyote.AbstractProtocol start
INFO: Starting ProtocolHandler ["http-apr-8888"]
十月 09, 2018 5:14:21 下午 org.apache.coyote.AbstractProtocol start
INFO: Starting ProtocolHandler ["ajp-apr-8010"]
十月 09, 2018 5:14:21 下午 org.apache.catalina.startup.Catalina start
INFO: Server startup in 7736 ms
十月 09, 2018 5:19:50 下午 org.apache.catalina.core.AprLifecycleListener init
INFO: Loaded APR based Apache Tomcat Native library 1.1.22.
十月 09, 2018 5:19:50 下午 org.apache.catalina.core.AprLifecycleListener init
INFO: APR capabilities: IPv6 [false], sendfile [true], accept filters [false], random [true].
十月 09, 2018 5:19:51 下午 org.apache.coyote.AbstractProtocol init
INFO: Initializing ProtocolHandler ["http-apr-8888"]
十月 09, 2018 5:19:51 下午 org.apache.coyote.AbstractProtocol init
INFO: Initializing ProtocolHandler ["ajp-apr-8010"]
十月 09, 2018 5:19:51 下午 org.apache.catalina.startup.Catalina load
INFO: Initialization processed in 1277 ms
十月 09, 2018 5:19:51 下午 org.apache.catalina.core.StandardService startInternal
INFO: Starting service Catalina
十月 09, 2018 5:19:51 下午 org.apache.catalina.core.StandardEngine startInternal
INFO: Starting Servlet Engine: Apache Tomcat/7.0.23
十月 09, 2018 5:19:51 下午 org.apache.catalina.startup.HostConfig deployWAR
INFO: Deploying web application archive E:\apache-tomcat-7.0.23\apache-tomcat-7.0.23\webapps\real_sync.war
十月 09, 2018 5:20:00 下午 org.apache.catalina.startup.HostConfig deployDirectory
INFO: Deploying web application directory E:\apache-tomcat-7.0.23\apache-tomcat-7.0.23\webapps\docs
十月 09, 2018 5:20:00 下午 org.apache.catalina.startup.HostConfig deployDirectory
INFO: Deploying web application directory E:\apache-tomcat-7.0.23\apache-tomcat-7.0.23\webapps\examples
十月 09, 2018 5:20:00 下午 org.apache.catalina.startup.HostConfig deployDirectory
INFO: Deploying web application directory E:\apache-tomcat-7.0.23\apache-tomcat-7.0.23\webapps\host-manager
十月 09, 2018 5:20:00 下午 org.apache.catalina.startup.HostConfig deployDirectory
INFO: Deploying web application directory E:\apache-tomcat-7.0.23\apache-tomcat-7.0.23\webapps\manager
十月 09, 2018 5:20:00 下午 org.apache.catalina.startup.HostConfig deployDirectory
INFO: Deploying web application directory E:\apache-tomcat-7.0.23\apache-tomcat-7.0.23\webapps\ROOT
十月 09, 2018 5:20:00 下午 org.apache.coyote.AbstractProtocol start
INFO: Starting ProtocolHandler ["http-apr-8888"]
十月 09, 2018 5:20:00 下午 org.apache.coyote.AbstractProtocol start
INFO: Starting ProtocolHandler ["ajp-apr-8010"]
十月 09, 2018 5:20:00 下午 org.apache.catalina.startup.Catalina start
INFO: Server startup in 9090 ms
十月 09, 2018 5:20:33 下午 org.apache.catalina.core.AprLifecycleListener init
INFO: Loaded APR based Apache Tomcat Native library 1.1.22.
十月 09, 2018 5:20:33 下午 org.apache.catalina.core.AprLifecycleListener init
INFO: APR capabilities: IPv6 [false], sendfile [true], accept filters [false], random [true].
十月 09, 2018 5:20:34 下午 org.apache.coyote.AbstractProtocol init
INFO: Initializing ProtocolHandler ["http-apr-8888"]
十月 09, 2018 5:20:34 下午 org.apache.coyote.AbstractProtocol init
INFO: Initializing ProtocolHandler ["ajp-apr-8010"]
十月 09, 2018 5:20:34 下午 org.apache.catalina.startup.Catalina load
INFO: Initialization processed in 1256 ms
十月 09, 2018 5:20:34 下午 org.apache.catalina.core.StandardService startInternal
INFO: Starting service Catalina
十月 09, 2018 5:20:34 下午 org.apache.catalina.core.StandardEngine startInternal
INFO: Starting Servlet Engine: Apache Tomcat/7.0.23
十月 09, 2018 5:20:34 下午 org.apache.catalina.startup.HostConfig deployWAR
INFO: Deploying web application archive E:\apache-tomcat-7.0.23\apache-tomcat-7.0.23\webapps\real_sync.war
十月 09, 2018 5:20:43 下午 org.apache.catalina.startup.HostConfig deployDirectory
INFO: Deploying web application directory E:\apache-tomcat-7.0.23\apache-tomcat-7.0.23\webapps\docs
十月 09, 2018 5:20:43 下午 org.apache.catalina.startup.HostConfig deployDirectory
INFO: Deploying web application directory E:\apache-tomcat-7.0.23\apache-tomcat-7.0.23\webapps\examples
十月 09, 2018 5:20:43 下午 org.apache.catalina.startup.HostConfig deployDirectory
INFO: Deploying web application directory E:\apache-tomcat-7.0.23\apache-tomcat-7.0.23\webapps\host-manager
十月 09, 2018 5:20:43 下午 org.apache.catalina.startup.HostConfig deployDirectory
INFO: Deploying web application directory E:\apache-tomcat-7.0.23\apache-tomcat-7.0.23\webapps\manager
十月 09, 2018 5:20:43 下午 org.apache.catalina.startup.HostConfig deployDirectory
INFO: Deploying web application directory E:\apache-tomcat-7.0.23\apache-tomcat-7.0.23\webapps\ROOT
十月 09, 2018 5:20:43 下午 org.apache.coyote.AbstractProtocol start
INFO: Starting ProtocolHandler ["http-apr-8888"]
十月 09, 2018 5:20:43 下午 org.apache.coyote.AbstractProtocol start
INFO: Starting ProtocolHandler ["ajp-apr-8010"]
十月 09, 2018 5:20:43 下午 org.apache.catalina.startup.Catalina start
INFO: Server startup in 9309 ms
