九月 21, 2018 3:47:29 下午 org.apache.catalina.core.ApplicationContext log
INFO: Closing Spring root WebApplicationContext
九月 21, 2018 3:47:29 下午 org.apache.catalina.core.ApplicationContext log
INFO: Shutting down log4j
九月 21, 2018 3:48:17 下午 org.apache.catalina.core.ApplicationContext log
INFO: Set web app root system property: 'myapp.root' = [C:\apache-tomcat-7.0.23\apache-tomcat-7.0.23\webapps\real_sync\]
九月 21, 2018 3:48:17 下午 org.apache.catalina.core.ApplicationContext log
INFO: Initializing log4j from [C:\apache-tomcat-7.0.23\apache-tomcat-7.0.23\webapps\real_sync\WEB-INF\classes\log4j.properties]
九月 21, 2018 3:48:17 下午 org.apache.catalina.core.ApplicationContext log
INFO: Initializing Spring root WebApplicationContext
九月 21, 2018 3:48:24 下午 org.apache.catalina.core.ApplicationContext log
INFO: ContextListener: contextInitialized()
九月 21, 2018 3:48:24 下午 org.apache.catalina.core.ApplicationContext log
INFO: SessionListener: contextInitialized()
九月 21, 2018 3:48:24 下午 org.apache.catalina.core.ApplicationContext log
INFO: ContextListener: attributeAdded('org.apache.jasper.compiler.TldLocationsCache', 'org.apache.jasper.compiler.TldLocationsCache@1a096b0')
九月 21, 2018 3:52:57 下午 org.apache.catalina.core.ApplicationContext log
INFO: Set web app root system property: 'myapp.root' = [C:\apache-tomcat-7.0.23\apache-tomcat-7.0.23\webapps\real_sync\]
九月 21, 2018 3:52:57 下午 org.apache.catalina.core.ApplicationContext log
INFO: Initializing log4j from [C:\apache-tomcat-7.0.23\apache-tomcat-7.0.23\webapps\real_sync\WEB-INF\classes\log4j.properties]
九月 21, 2018 3:52:57 下午 org.apache.catalina.core.ApplicationContext log
INFO: Initializing Spring root WebApplicationContext
九月 21, 2018 3:53:04 下午 org.apache.catalina.core.ApplicationContext log
INFO: ContextListener: contextInitialized()
九月 21, 2018 3:53:04 下午 org.apache.catalina.core.ApplicationContext log
INFO: SessionListener: contextInitialized()
九月 21, 2018 3:53:04 下午 org.apache.catalina.core.ApplicationContext log
INFO: ContextListener: attributeAdded('org.apache.jasper.compiler.TldLocationsCache', 'org.apache.jasper.compiler.TldLocationsCache@1644765')
九月 21, 2018 3:53:22 下午 org.apache.catalina.core.ApplicationContext log
INFO: Set web app root system property: 'myapp.root' = [C:\apache-tomcat-7.0.23\apache-tomcat-7.0.23\webapps\real_sync\]
九月 21, 2018 3:53:22 下午 org.apache.catalina.core.ApplicationContext log
INFO: Initializing log4j from [C:\apache-tomcat-7.0.23\apache-tomcat-7.0.23\webapps\real_sync\WEB-INF\classes\log4j.properties]
九月 21, 2018 3:53:22 下午 org.apache.catalina.core.ApplicationContext log
INFO: Initializing Spring root WebApplicationContext
九月 21, 2018 3:53:29 下午 org.apache.catalina.core.ApplicationContext log
INFO: ContextListener: contextInitialized()
九月 21, 2018 3:53:29 下午 org.apache.catalina.core.ApplicationContext log
INFO: SessionListener: contextInitialized()
九月 21, 2018 3:53:29 下午 org.apache.catalina.core.ApplicationContext log
INFO: ContextListener: attributeAdded('org.apache.jasper.compiler.TldLocationsCache', 'org.apache.jasper.compiler.TldLocationsCache@91cfde')
九月 21, 2018 4:10:05 下午 org.apache.catalina.core.ApplicationContext log
INFO: Set web app root system property: 'myapp.root' = [C:\apache-tomcat-7.0.23\apache-tomcat-7.0.23\webapps\real_sync\]
九月 21, 2018 4:10:05 下午 org.apache.catalina.core.ApplicationContext log
INFO: Initializing log4j from [C:\apache-tomcat-7.0.23\apache-tomcat-7.0.23\webapps\real_sync\WEB-INF\classes\log4j.properties]
九月 21, 2018 4:10:05 下午 org.apache.catalina.core.ApplicationContext log
INFO: Initializing Spring root WebApplicationContext
九月 21, 2018 4:10:12 下午 org.apache.catalina.core.ApplicationContext log
INFO: ContextListener: contextInitialized()
九月 21, 2018 4:10:12 下午 org.apache.catalina.core.ApplicationContext log
INFO: SessionListener: contextInitialized()
九月 21, 2018 4:10:12 下午 org.apache.catalina.core.ApplicationContext log
INFO: ContextListener: attributeAdded('org.apache.jasper.compiler.TldLocationsCache', 'org.apache.jasper.compiler.TldLocationsCache@11a1cf5')
