十月 09, 2018 8:51:52 上午 org.apache.catalina.core.ApplicationContext log
INFO: Set web app root system property: 'myapp.root' = [E:\apache-tomcat-7.0.23\apache-tomcat-7.0.23\webapps\real_sync\]
十月 09, 2018 8:51:53 上午 org.apache.catalina.core.ApplicationContext log
INFO: Initializing log4j from [E:\apache-tomcat-7.0.23\apache-tomcat-7.0.23\webapps\real_sync\WEB-INF\classes\log4j.properties]
十月 09, 2018 8:51:53 上午 org.apache.catalina.core.ApplicationContext log
INFO: Initializing Spring root WebApplicationContext
十月 09, 2018 8:53:01 上午 org.apache.catalina.core.StandardContext listenerStart
SEVERE: Exception sending context initialized event to listener instance of class org.springframework.web.context.ContextLoaderListener
org.springframework.beans.factory.BeanCreationException: Error creating bean with name 'regCenter': Invocation of init method failed; nested exception is com.dangdang.ddframe.job.reg.exception.RegException: org.apache.zookeeper.KeeperException$OperationTimeoutException: KeeperErrorCode = OperationTimeout
	at org.springframework.beans.factory.support.AbstractAutowireCapableBeanFactory.initializeBean(AbstractAutowireCapableBeanFactory.java:1455)
	at org.springframework.beans.factory.support.AbstractAutowireCapableBeanFactory.doCreateBean(AbstractAutowireCapableBeanFactory.java:519)
	at org.springframework.beans.factory.support.AbstractAutowireCapableBeanFactory.createBean(AbstractAutowireCapableBeanFactory.java:456)
	at org.springframework.beans.factory.support.AbstractBeanFactory$1.getObject(AbstractBeanFactory.java:294)
	at org.springframework.beans.factory.support.DefaultSingletonBeanRegistry.getSingleton(DefaultSingletonBeanRegistry.java:225)
	at org.springframework.beans.factory.support.AbstractBeanFactory.doGetBean(AbstractBeanFactory.java:291)
	at org.springframework.beans.factory.support.AbstractBeanFactory.getBean(AbstractBeanFactory.java:193)
	at org.springframework.beans.factory.support.DefaultListableBeanFactory.preInstantiateSingletons(DefaultListableBeanFactory.java:585)
	at org.springframework.context.support.AbstractApplicationContext.finishBeanFactoryInitialization(AbstractApplicationContext.java:913)
	at org.springframework.context.support.AbstractApplicationContext.refresh(AbstractApplicationContext.java:464)
	at org.springframework.web.context.ContextLoader.configureAndRefreshWebApplicationContext(ContextLoader.java:384)
	at org.springframework.web.context.ContextLoader.initWebApplicationContext(ContextLoader.java:283)
	at org.springframework.web.context.ContextLoaderListener.contextInitialized(ContextLoaderListener.java:111)
	at org.apache.catalina.core.StandardContext.listenerStart(StandardContext.java:4765)
	at org.apache.catalina.core.StandardContext.startInternal(StandardContext.java:5260)
	at org.apache.catalina.util.LifecycleBase.start(LifecycleBase.java:150)
	at org.apache.catalina.core.ContainerBase.addChildInternal(ContainerBase.java:866)
	at org.apache.catalina.core.ContainerBase.addChild(ContainerBase.java:842)
	at org.apache.catalina.core.StandardHost.addChild(StandardHost.java:615)
	at org.apache.catalina.startup.HostConfig.deployWAR(HostConfig.java:958)
	at org.apache.catalina.startup.HostConfig$DeployWar.run(HostConfig.java:1599)
	at java.util.concurrent.Executors$RunnableAdapter.call(Executors.java:471)
	at java.util.concurrent.FutureTask$Sync.innerRun(FutureTask.java:334)
	at java.util.concurrent.FutureTask.run(FutureTask.java:166)
	at java.util.concurrent.ThreadPoolExecutor.runWorker(ThreadPoolExecutor.java:1145)
	at java.util.concurrent.ThreadPoolExecutor$Worker.run(ThreadPoolExecutor.java:615)
	at java.lang.Thread.run(Thread.java:722)
Caused by: com.dangdang.ddframe.job.reg.exception.RegException: org.apache.zookeeper.KeeperException$OperationTimeoutException: KeeperErrorCode = OperationTimeout
	at com.dangdang.ddframe.job.reg.exception.RegExceptionHandler.handleException(RegExceptionHandler.java:52)
	at com.dangdang.ddframe.job.reg.zookeeper.ZookeeperRegistryCenter.init(ZookeeperRegistryCenter.java:107)
	at sun.reflect.NativeMethodAccessorImpl.invoke0(Native Method)
	at sun.reflect.NativeMethodAccessorImpl.invoke(NativeMethodAccessorImpl.java:57)
	at sun.reflect.DelegatingMethodAccessorImpl.invoke(DelegatingMethodAccessorImpl.java:43)
	at java.lang.reflect.Method.invoke(Method.java:601)
	at org.springframework.beans.factory.support.AbstractAutowireCapableBeanFactory.invokeCustomInitMethod(AbstractAutowireCapableBeanFactory.java:1581)
	at org.springframework.beans.factory.support.AbstractAutowireCapableBeanFactory.invokeInitMethods(AbstractAutowireCapableBeanFactory.java:1522)
	at org.springframework.beans.factory.support.AbstractAutowireCapableBeanFactory.initializeBean(AbstractAutowireCapableBeanFactory.java:1452)
	... 26 more
Caused by: org.apache.zookeeper.KeeperException$OperationTimeoutException: KeeperErrorCode = OperationTimeout
	at com.dangdang.ddframe.job.reg.zookeeper.ZookeeperRegistryCenter.init(ZookeeperRegistryCenter.java:102)
	... 33 more

十月 09, 2018 8:53:01 上午 org.apache.catalina.core.ApplicationContext log
INFO: Closing Spring root WebApplicationContext
十月 09, 2018 8:53:01 上午 org.apache.catalina.core.ApplicationContext log
INFO: Shutting down log4j
十月 09, 2018 8:53:01 上午 org.apache.catalina.core.ApplicationContext log
INFO: ContextListener: contextInitialized()
十月 09, 2018 8:53:01 上午 org.apache.catalina.core.ApplicationContext log
INFO: SessionListener: contextInitialized()
十月 09, 2018 8:53:01 上午 org.apache.catalina.core.ApplicationContext log
INFO: ContextListener: attributeAdded('org.apache.jasper.compiler.TldLocationsCache', 'org.apache.jasper.compiler.TldLocationsCache@d8a3fb')
十月 09, 2018 8:57:44 上午 org.apache.catalina.core.ApplicationContext log
INFO: Set web app root system property: 'myapp.root' = [E:\apache-tomcat-7.0.23\apache-tomcat-7.0.23\webapps\real_sync\]
十月 09, 2018 8:57:44 上午 org.apache.catalina.core.ApplicationContext log
INFO: Initializing log4j from [E:\apache-tomcat-7.0.23\apache-tomcat-7.0.23\webapps\real_sync\WEB-INF\classes\log4j.properties]
十月 09, 2018 8:57:44 上午 org.apache.catalina.core.ApplicationContext log
INFO: Initializing Spring root WebApplicationContext
十月 09, 2018 8:57:51 上午 org.apache.catalina.core.ApplicationContext log
INFO: ContextListener: contextInitialized()
十月 09, 2018 8:57:51 上午 org.apache.catalina.core.ApplicationContext log
INFO: SessionListener: contextInitialized()
十月 09, 2018 8:57:51 上午 org.apache.catalina.core.ApplicationContext log
INFO: ContextListener: attributeAdded('org.apache.jasper.compiler.TldLocationsCache', 'org.apache.jasper.compiler.TldLocationsCache@14ad17e')
十月 09, 2018 11:12:05 上午 org.apache.catalina.core.ApplicationContext log
INFO: Set web app root system property: 'myapp.root' = [E:\apache-tomcat-7.0.23\apache-tomcat-7.0.23\webapps\real_sync\]
十月 09, 2018 11:12:05 上午 org.apache.catalina.core.ApplicationContext log
INFO: Initializing log4j from [E:\apache-tomcat-7.0.23\apache-tomcat-7.0.23\webapps\real_sync\WEB-INF\classes\log4j.properties]
十月 09, 2018 11:12:05 上午 org.apache.catalina.core.ApplicationContext log
INFO: Initializing Spring root WebApplicationContext
十月 09, 2018 11:12:38 上午 org.apache.catalina.core.ApplicationContext log
INFO: Set web app root system property: 'myapp.root' = [E:\apache-tomcat-7.0.23\apache-tomcat-7.0.23\webapps\real_sync\]
十月 09, 2018 11:12:38 上午 org.apache.catalina.core.ApplicationContext log
INFO: Initializing log4j from [E:\apache-tomcat-7.0.23\apache-tomcat-7.0.23\webapps\real_sync\WEB-INF\classes\log4j.properties]
十月 09, 2018 11:12:38 上午 org.apache.catalina.core.ApplicationContext log
INFO: Initializing Spring root WebApplicationContext
十月 09, 2018 11:12:45 上午 org.apache.catalina.core.ApplicationContext log
INFO: ContextListener: contextInitialized()
十月 09, 2018 11:12:45 上午 org.apache.catalina.core.ApplicationContext log
INFO: SessionListener: contextInitialized()
十月 09, 2018 11:12:45 上午 org.apache.catalina.core.ApplicationContext log
INFO: ContextListener: attributeAdded('org.apache.jasper.compiler.TldLocationsCache', 'org.apache.jasper.compiler.TldLocationsCache@3d1fd8')
十月 09, 2018 1:53:36 下午 org.apache.catalina.core.ApplicationContext log
INFO: Set web app root system property: 'myapp.root' = [E:\apache-tomcat-7.0.23\apache-tomcat-7.0.23\webapps\real_sync\]
十月 09, 2018 1:53:36 下午 org.apache.catalina.core.ApplicationContext log
INFO: Initializing log4j from [E:\apache-tomcat-7.0.23\apache-tomcat-7.0.23\webapps\real_sync\WEB-INF\classes\log4j.properties]
十月 09, 2018 1:53:36 下午 org.apache.catalina.core.ApplicationContext log
INFO: Initializing Spring root WebApplicationContext
十月 09, 2018 1:53:43 下午 org.apache.catalina.core.ApplicationContext log
INFO: ContextListener: contextInitialized()
十月 09, 2018 1:53:43 下午 org.apache.catalina.core.ApplicationContext log
INFO: SessionListener: contextInitialized()
十月 09, 2018 1:53:43 下午 org.apache.catalina.core.ApplicationContext log
INFO: ContextListener: attributeAdded('org.apache.jasper.compiler.TldLocationsCache', 'org.apache.jasper.compiler.TldLocationsCache@83aa33')
十月 09, 2018 1:54:47 下午 org.apache.catalina.core.ApplicationContext log
INFO: Set web app root system property: 'myapp.root' = [E:\apache-tomcat-7.0.23\apache-tomcat-7.0.23\webapps\real_sync\]
十月 09, 2018 1:54:47 下午 org.apache.catalina.core.ApplicationContext log
INFO: Initializing log4j from [E:\apache-tomcat-7.0.23\apache-tomcat-7.0.23\webapps\real_sync\WEB-INF\classes\log4j.properties]
十月 09, 2018 1:54:47 下午 org.apache.catalina.core.ApplicationContext log
INFO: Initializing Spring root WebApplicationContext
十月 09, 2018 1:55:03 下午 org.apache.catalina.core.ApplicationContext log
INFO: ContextListener: contextInitialized()
十月 09, 2018 1:55:03 下午 org.apache.catalina.core.ApplicationContext log
INFO: SessionListener: contextInitialized()
十月 09, 2018 1:55:03 下午 org.apache.catalina.core.ApplicationContext log
INFO: ContextListener: attributeAdded('org.apache.jasper.compiler.TldLocationsCache', 'org.apache.jasper.compiler.TldLocationsCache@5172d6')
十月 09, 2018 1:55:52 下午 org.apache.catalina.core.ApplicationContext log
INFO: Set web app root system property: 'myapp.root' = [E:\apache-tomcat-7.0.23\apache-tomcat-7.0.23\webapps\real_sync\]
十月 09, 2018 1:55:53 下午 org.apache.catalina.core.ApplicationContext log
INFO: Initializing log4j from [E:\apache-tomcat-7.0.23\apache-tomcat-7.0.23\webapps\real_sync\WEB-INF\classes\log4j.properties]
十月 09, 2018 1:55:53 下午 org.apache.catalina.core.ApplicationContext log
INFO: Initializing Spring root WebApplicationContext
十月 09, 2018 1:55:59 下午 org.apache.catalina.core.ApplicationContext log
INFO: ContextListener: contextInitialized()
十月 09, 2018 1:55:59 下午 org.apache.catalina.core.ApplicationContext log
INFO: SessionListener: contextInitialized()
十月 09, 2018 1:55:59 下午 org.apache.catalina.core.ApplicationContext log
INFO: ContextListener: attributeAdded('org.apache.jasper.compiler.TldLocationsCache', 'org.apache.jasper.compiler.TldLocationsCache@31b105')
十月 09, 2018 1:59:22 下午 org.apache.catalina.core.ApplicationContext log
INFO: Set web app root system property: 'myapp.root' = [E:\apache-tomcat-7.0.23\apache-tomcat-7.0.23\webapps\real_sync\]
十月 09, 2018 1:59:22 下午 org.apache.catalina.core.ApplicationContext log
INFO: Initializing log4j from [E:\apache-tomcat-7.0.23\apache-tomcat-7.0.23\webapps\real_sync\WEB-INF\classes\log4j.properties]
十月 09, 2018 1:59:22 下午 org.apache.catalina.core.ApplicationContext log
INFO: Initializing Spring root WebApplicationContext
十月 09, 2018 1:59:29 下午 org.apache.catalina.core.ApplicationContext log
INFO: ContextListener: contextInitialized()
十月 09, 2018 1:59:29 下午 org.apache.catalina.core.ApplicationContext log
INFO: SessionListener: contextInitialized()
十月 09, 2018 1:59:29 下午 org.apache.catalina.core.ApplicationContext log
INFO: ContextListener: attributeAdded('org.apache.jasper.compiler.TldLocationsCache', 'org.apache.jasper.compiler.TldLocationsCache@49d0a4')
十月 09, 2018 5:04:42 下午 org.apache.catalina.core.ApplicationContext log
INFO: Closing Spring root WebApplicationContext
十月 09, 2018 5:04:42 下午 org.apache.catalina.core.ApplicationContext log
INFO: Shutting down log4j
十月 09, 2018 5:04:42 下午 org.apache.catalina.core.ApplicationContext log
INFO: SessionListener: contextDestroyed()
十月 09, 2018 5:04:42 下午 org.apache.catalina.core.ApplicationContext log
INFO: ContextListener: contextDestroyed()
十月 09, 2018 5:08:34 下午 org.apache.catalina.core.ApplicationContext log
INFO: Set web app root system property: 'myapp.root' = [E:\apache-tomcat-7.0.23\apache-tomcat-7.0.23\webapps\real_sync\]
十月 09, 2018 5:08:34 下午 org.apache.catalina.core.ApplicationContext log
INFO: Initializing log4j from [E:\apache-tomcat-7.0.23\apache-tomcat-7.0.23\webapps\real_sync\WEB-INF\classes\log4j.properties]
十月 09, 2018 5:08:34 下午 org.apache.catalina.core.ApplicationContext log
INFO: Initializing Spring root WebApplicationContext
十月 09, 2018 5:08:55 下午 org.apache.catalina.core.StandardContext listenerStart
SEVERE: Exception sending context initialized event to listener instance of class org.springframework.web.context.ContextLoaderListener
org.springframework.beans.factory.xml.XmlBeanDefinitionStoreException: Line 12 in XML document from URL [file:/E:/apache-tomcat-7.0.23/apache-tomcat-7.0.23/webapps/real_sync/WEB-INF/classes/spring/spring-context.xml] is invalid; nested exception is org.xml.sax.SAXParseException; lineNumber: 12; columnNumber: 54; cvc-elt.1: 找不到元素 'beans' 的声明。
	at org.springframework.beans.factory.xml.XmlBeanDefinitionReader.doLoadBeanDefinitions(XmlBeanDefinitionReader.java:396)
	at org.springframework.beans.factory.xml.XmlBeanDefinitionReader.loadBeanDefinitions(XmlBeanDefinitionReader.java:334)
	at org.springframework.beans.factory.xml.XmlBeanDefinitionReader.loadBeanDefinitions(XmlBeanDefinitionReader.java:302)
	at org.springframework.beans.factory.support.AbstractBeanDefinitionReader.loadBeanDefinitions(AbstractBeanDefinitionReader.java:174)
	at org.springframework.beans.factory.support.AbstractBeanDefinitionReader.loadBeanDefinitions(AbstractBeanDefinitionReader.java:209)
	at org.springframework.beans.factory.support.AbstractBeanDefinitionReader.loadBeanDefinitions(AbstractBeanDefinitionReader.java:180)
	at org.springframework.web.context.support.XmlWebApplicationContext.loadBeanDefinitions(XmlWebApplicationContext.java:125)
	at org.springframework.web.context.support.XmlWebApplicationContext.loadBeanDefinitions(XmlWebApplicationContext.java:94)
	at org.springframework.context.support.AbstractRefreshableApplicationContext.refreshBeanFactory(AbstractRefreshableApplicationContext.java:131)
	at org.springframework.context.support.AbstractApplicationContext.obtainFreshBeanFactory(AbstractApplicationContext.java:522)
	at org.springframework.context.support.AbstractApplicationContext.refresh(AbstractApplicationContext.java:436)
	at org.springframework.web.context.ContextLoader.configureAndRefreshWebApplicationContext(ContextLoader.java:384)
	at org.springframework.web.context.ContextLoader.initWebApplicationContext(ContextLoader.java:283)
	at org.springframework.web.context.ContextLoaderListener.contextInitialized(ContextLoaderListener.java:111)
	at org.apache.catalina.core.StandardContext.listenerStart(StandardContext.java:4765)
	at org.apache.catalina.core.StandardContext.startInternal(StandardContext.java:5260)
	at org.apache.catalina.util.LifecycleBase.start(LifecycleBase.java:150)
	at org.apache.catalina.core.ContainerBase.addChildInternal(ContainerBase.java:866)
	at org.apache.catalina.core.ContainerBase.addChild(ContainerBase.java:842)
	at org.apache.catalina.core.StandardHost.addChild(StandardHost.java:615)
	at org.apache.catalina.startup.HostConfig.deployWAR(HostConfig.java:958)
	at org.apache.catalina.startup.HostConfig$DeployWar.run(HostConfig.java:1599)
	at java.util.concurrent.Executors$RunnableAdapter.call(Executors.java:471)
	at java.util.concurrent.FutureTask$Sync.innerRun(FutureTask.java:334)
	at java.util.concurrent.FutureTask.run(FutureTask.java:166)
	at java.util.concurrent.ThreadPoolExecutor.runWorker(ThreadPoolExecutor.java:1145)
	at java.util.concurrent.ThreadPoolExecutor$Worker.run(ThreadPoolExecutor.java:615)
	at java.lang.Thread.run(Thread.java:722)
Caused by: org.xml.sax.SAXParseException; lineNumber: 12; columnNumber: 54; cvc-elt.1: 找不到元素 'beans' 的声明。
	at com.sun.org.apache.xerces.internal.util.ErrorHandlerWrapper.createSAXParseException(ErrorHandlerWrapper.java:198)
	at com.sun.org.apache.xerces.internal.util.ErrorHandlerWrapper.error(ErrorHandlerWrapper.java:134)
	at com.sun.org.apache.xerces.internal.impl.XMLErrorReporter.reportError(XMLErrorReporter.java:437)
	at com.sun.org.apache.xerces.internal.impl.XMLErrorReporter.reportError(XMLErrorReporter.java:368)
	at com.sun.org.apache.xerces.internal.impl.XMLErrorReporter.reportError(XMLErrorReporter.java:325)
	at com.sun.org.apache.xerces.internal.impl.xs.XMLSchemaValidator.handleStartElement(XMLSchemaValidator.java:1901)
	at com.sun.org.apache.xerces.internal.impl.xs.XMLSchemaValidator.startElement(XMLSchemaValidator.java:741)
	at com.sun.org.apache.xerces.internal.impl.XMLNSDocumentScannerImpl.scanStartElement(XMLNSDocumentScannerImpl.java:376)
	at com.sun.org.apache.xerces.internal.impl.XMLNSDocumentScannerImpl$NSContentDriver.scanRootElementHook(XMLNSDocumentScannerImpl.java:602)
	at com.sun.org.apache.xerces.internal.impl.XMLDocumentFragmentScannerImpl$FragmentContentDriver.next(XMLDocumentFragmentScannerImpl.java:3065)
	at com.sun.org.apache.xerces.internal.impl.XMLDocumentScannerImpl$PrologDriver.next(XMLDocumentScannerImpl.java:881)
	at com.sun.org.apache.xerces.internal.impl.XMLDocumentScannerImpl.next(XMLDocumentScannerImpl.java:607)
	at com.sun.org.apache.xerces.internal.impl.XMLNSDocumentScannerImpl.next(XMLNSDocumentScannerImpl.java:116)
	at com.sun.org.apache.xerces.internal.impl.XMLDocumentFragmentScannerImpl.scanDocument(XMLDocumentFragmentScannerImpl.java:489)
	at com.sun.org.apache.xerces.internal.parsers.XML11Configuration.parse(XML11Configuration.java:835)
	at com.sun.org.apache.xerces.internal.parsers.XML11Configuration.parse(XML11Configuration.java:764)
	at com.sun.org.apache.xerces.internal.parsers.XMLParser.parse(XMLParser.java:123)
	at com.sun.org.apache.xerces.internal.parsers.DOMParser.parse(DOMParser.java:237)
	at com.sun.org.apache.xerces.internal.jaxp.DocumentBuilderImpl.parse(DocumentBuilderImpl.java:300)
	at org.springframework.beans.factory.xml.DefaultDocumentLoader.loadDocument(DefaultDocumentLoader.java:75)
	at org.springframework.beans.factory.xml.XmlBeanDefinitionReader.doLoadBeanDefinitions(XmlBeanDefinitionReader.java:388)
	... 27 more

十月 09, 2018 5:08:56 下午 org.apache.catalina.core.ApplicationContext log
INFO: Closing Spring root WebApplicationContext
十月 09, 2018 5:08:56 下午 org.apache.catalina.core.StandardContext listenerStop
SEVERE: Exception sending context destroyed event to listener instance of class org.springframework.web.context.ContextLoaderListener
java.lang.IllegalStateException: BeanFactory not initialized or already closed - call 'refresh' before accessing beans via the ApplicationContext
	at org.springframework.context.support.AbstractRefreshableApplicationContext.getBeanFactory(AbstractRefreshableApplicationContext.java:172)
	at org.springframework.context.support.AbstractApplicationContext.destroyBeans(AbstractApplicationContext.java:1066)
	at org.springframework.context.support.AbstractApplicationContext.doClose(AbstractApplicationContext.java:1040)
	at org.springframework.context.support.AbstractApplicationContext.close(AbstractApplicationContext.java:988)
	at org.springframework.web.context.ContextLoader.closeWebApplicationContext(ContextLoader.java:541)
	at org.springframework.web.context.ContextLoaderListener.contextDestroyed(ContextLoaderListener.java:142)
	at org.apache.catalina.core.StandardContext.listenerStop(StandardContext.java:4805)
	at org.apache.catalina.core.StandardContext.stopInternal(StandardContext.java:5453)
	at org.apache.catalina.util.LifecycleBase.stop(LifecycleBase.java:232)
	at org.apache.catalina.util.LifecycleBase.start(LifecycleBase.java:160)
	at org.apache.catalina.core.ContainerBase.addChildInternal(ContainerBase.java:866)
	at org.apache.catalina.core.ContainerBase.addChild(ContainerBase.java:842)
	at org.apache.catalina.core.StandardHost.addChild(StandardHost.java:615)
	at org.apache.catalina.startup.HostConfig.deployWAR(HostConfig.java:958)
	at org.apache.catalina.startup.HostConfig$DeployWar.run(HostConfig.java:1599)
	at java.util.concurrent.Executors$RunnableAdapter.call(Executors.java:471)
	at java.util.concurrent.FutureTask$Sync.innerRun(FutureTask.java:334)
	at java.util.concurrent.FutureTask.run(FutureTask.java:166)
	at java.util.concurrent.ThreadPoolExecutor.runWorker(ThreadPoolExecutor.java:1145)
	at java.util.concurrent.ThreadPoolExecutor$Worker.run(ThreadPoolExecutor.java:615)
	at java.lang.Thread.run(Thread.java:722)

十月 09, 2018 5:08:56 下午 org.apache.catalina.core.ApplicationContext log
INFO: Shutting down log4j
十月 09, 2018 5:08:56 下午 org.apache.catalina.core.ApplicationContext log
INFO: ContextListener: contextInitialized()
十月 09, 2018 5:08:56 下午 org.apache.catalina.core.ApplicationContext log
INFO: SessionListener: contextInitialized()
十月 09, 2018 5:08:56 下午 org.apache.catalina.core.ApplicationContext log
INFO: ContextListener: attributeAdded('org.apache.jasper.compiler.TldLocationsCache', 'org.apache.jasper.compiler.TldLocationsCache@147af7e')
十月 09, 2018 5:09:27 下午 org.apache.catalina.core.ApplicationContext log
INFO: Set web app root system property: 'myapp.root' = [E:\apache-tomcat-7.0.23\apache-tomcat-7.0.23\webapps\real_sync\]
十月 09, 2018 5:09:27 下午 org.apache.catalina.core.ApplicationContext log
INFO: Initializing log4j from [E:\apache-tomcat-7.0.23\apache-tomcat-7.0.23\webapps\real_sync\WEB-INF\classes\log4j.properties]
十月 09, 2018 5:09:27 下午 org.apache.catalina.core.ApplicationContext log
INFO: Initializing Spring root WebApplicationContext
十月 09, 2018 5:10:12 下午 org.apache.catalina.core.ApplicationContext log
INFO: Set web app root system property: 'myapp.root' = [E:\apache-tomcat-7.0.23\apache-tomcat-7.0.23\webapps\real_sync\]
十月 09, 2018 5:10:12 下午 org.apache.catalina.core.ApplicationContext log
INFO: Initializing log4j from [E:\apache-tomcat-7.0.23\apache-tomcat-7.0.23\webapps\real_sync\WEB-INF\classes\log4j.properties]
十月 09, 2018 5:10:12 下午 org.apache.catalina.core.ApplicationContext log
INFO: Initializing Spring root WebApplicationContext
十月 09, 2018 5:12:04 下午 org.apache.catalina.core.ApplicationContext log
INFO: Set web app root system property: 'myapp.root' = [E:\apache-tomcat-7.0.23\apache-tomcat-7.0.23\webapps\real_sync\]
十月 09, 2018 5:12:04 下午 org.apache.catalina.core.ApplicationContext log
INFO: Initializing log4j from [E:\apache-tomcat-7.0.23\apache-tomcat-7.0.23\webapps\real_sync\WEB-INF\classes\log4j.properties]
十月 09, 2018 5:12:04 下午 org.apache.catalina.core.ApplicationContext log
INFO: Initializing Spring root WebApplicationContext
十月 09, 2018 5:12:26 下午 org.apache.catalina.core.StandardContext listenerStart
SEVERE: Exception sending context initialized event to listener instance of class org.springframework.web.context.ContextLoaderListener
org.springframework.beans.factory.xml.XmlBeanDefinitionStoreException: Line 12 in XML document from URL [file:/E:/apache-tomcat-7.0.23/apache-tomcat-7.0.23/webapps/real_sync/WEB-INF/classes/spring/spring-context.xml] is invalid; nested exception is org.xml.sax.SAXParseException; lineNumber: 12; columnNumber: 54; cvc-elt.1: 找不到元素 'beans' 的声明。
	at org.springframework.beans.factory.xml.XmlBeanDefinitionReader.doLoadBeanDefinitions(XmlBeanDefinitionReader.java:396)
	at org.springframework.beans.factory.xml.XmlBeanDefinitionReader.loadBeanDefinitions(XmlBeanDefinitionReader.java:334)
	at org.springframework.beans.factory.xml.XmlBeanDefinitionReader.loadBeanDefinitions(XmlBeanDefinitionReader.java:302)
	at org.springframework.beans.factory.support.AbstractBeanDefinitionReader.loadBeanDefinitions(AbstractBeanDefinitionReader.java:174)
	at org.springframework.beans.factory.support.AbstractBeanDefinitionReader.loadBeanDefinitions(AbstractBeanDefinitionReader.java:209)
	at org.springframework.beans.factory.support.AbstractBeanDefinitionReader.loadBeanDefinitions(AbstractBeanDefinitionReader.java:180)
	at org.springframework.web.context.support.XmlWebApplicationContext.loadBeanDefinitions(XmlWebApplicationContext.java:125)
	at org.springframework.web.context.support.XmlWebApplicationContext.loadBeanDefinitions(XmlWebApplicationContext.java:94)
	at org.springframework.context.support.AbstractRefreshableApplicationContext.refreshBeanFactory(AbstractRefreshableApplicationContext.java:131)
	at org.springframework.context.support.AbstractApplicationContext.obtainFreshBeanFactory(AbstractApplicationContext.java:522)
	at org.springframework.context.support.AbstractApplicationContext.refresh(AbstractApplicationContext.java:436)
	at org.springframework.web.context.ContextLoader.configureAndRefreshWebApplicationContext(ContextLoader.java:384)
	at org.springframework.web.context.ContextLoader.initWebApplicationContext(ContextLoader.java:283)
	at org.springframework.web.context.ContextLoaderListener.contextInitialized(ContextLoaderListener.java:111)
	at org.apache.catalina.core.StandardContext.listenerStart(StandardContext.java:4765)
	at org.apache.catalina.core.StandardContext.startInternal(StandardContext.java:5260)
	at org.apache.catalina.util.LifecycleBase.start(LifecycleBase.java:150)
	at org.apache.catalina.core.ContainerBase.addChildInternal(ContainerBase.java:866)
	at org.apache.catalina.core.ContainerBase.addChild(ContainerBase.java:842)
	at org.apache.catalina.core.StandardHost.addChild(StandardHost.java:615)
	at org.apache.catalina.startup.HostConfig.deployWAR(HostConfig.java:958)
	at org.apache.catalina.startup.HostConfig$DeployWar.run(HostConfig.java:1599)
	at java.util.concurrent.Executors$RunnableAdapter.call(Executors.java:471)
	at java.util.concurrent.FutureTask$Sync.innerRun(FutureTask.java:334)
	at java.util.concurrent.FutureTask.run(FutureTask.java:166)
	at java.util.concurrent.ThreadPoolExecutor.runWorker(ThreadPoolExecutor.java:1145)
	at java.util.concurrent.ThreadPoolExecutor$Worker.run(ThreadPoolExecutor.java:615)
	at java.lang.Thread.run(Thread.java:722)
Caused by: org.xml.sax.SAXParseException; lineNumber: 12; columnNumber: 54; cvc-elt.1: 找不到元素 'beans' 的声明。
	at com.sun.org.apache.xerces.internal.util.ErrorHandlerWrapper.createSAXParseException(ErrorHandlerWrapper.java:198)
	at com.sun.org.apache.xerces.internal.util.ErrorHandlerWrapper.error(ErrorHandlerWrapper.java:134)
	at com.sun.org.apache.xerces.internal.impl.XMLErrorReporter.reportError(XMLErrorReporter.java:437)
	at com.sun.org.apache.xerces.internal.impl.XMLErrorReporter.reportError(XMLErrorReporter.java:368)
	at com.sun.org.apache.xerces.internal.impl.XMLErrorReporter.reportError(XMLErrorReporter.java:325)
	at com.sun.org.apache.xerces.internal.impl.xs.XMLSchemaValidator.handleStartElement(XMLSchemaValidator.java:1901)
	at com.sun.org.apache.xerces.internal.impl.xs.XMLSchemaValidator.startElement(XMLSchemaValidator.java:741)
	at com.sun.org.apache.xerces.internal.impl.XMLNSDocumentScannerImpl.scanStartElement(XMLNSDocumentScannerImpl.java:376)
	at com.sun.org.apache.xerces.internal.impl.XMLNSDocumentScannerImpl$NSContentDriver.scanRootElementHook(XMLNSDocumentScannerImpl.java:602)
	at com.sun.org.apache.xerces.internal.impl.XMLDocumentFragmentScannerImpl$FragmentContentDriver.next(XMLDocumentFragmentScannerImpl.java:3065)
	at com.sun.org.apache.xerces.internal.impl.XMLDocumentScannerImpl$PrologDriver.next(XMLDocumentScannerImpl.java:881)
	at com.sun.org.apache.xerces.internal.impl.XMLDocumentScannerImpl.next(XMLDocumentScannerImpl.java:607)
	at com.sun.org.apache.xerces.internal.impl.XMLNSDocumentScannerImpl.next(XMLNSDocumentScannerImpl.java:116)
	at com.sun.org.apache.xerces.internal.impl.XMLDocumentFragmentScannerImpl.scanDocument(XMLDocumentFragmentScannerImpl.java:489)
	at com.sun.org.apache.xerces.internal.parsers.XML11Configuration.parse(XML11Configuration.java:835)
	at com.sun.org.apache.xerces.internal.parsers.XML11Configuration.parse(XML11Configuration.java:764)
	at com.sun.org.apache.xerces.internal.parsers.XMLParser.parse(XMLParser.java:123)
	at com.sun.org.apache.xerces.internal.parsers.DOMParser.parse(DOMParser.java:237)
	at com.sun.org.apache.xerces.internal.jaxp.DocumentBuilderImpl.parse(DocumentBuilderImpl.java:300)
	at org.springframework.beans.factory.xml.DefaultDocumentLoader.loadDocument(DefaultDocumentLoader.java:75)
	at org.springframework.beans.factory.xml.XmlBeanDefinitionReader.doLoadBeanDefinitions(XmlBeanDefinitionReader.java:388)
	... 27 more

十月 09, 2018 5:12:26 下午 org.apache.catalina.core.ApplicationContext log
INFO: Closing Spring root WebApplicationContext
十月 09, 2018 5:12:26 下午 org.apache.catalina.core.StandardContext listenerStop
SEVERE: Exception sending context destroyed event to listener instance of class org.springframework.web.context.ContextLoaderListener
java.lang.IllegalStateException: BeanFactory not initialized or already closed - call 'refresh' before accessing beans via the ApplicationContext
	at org.springframework.context.support.AbstractRefreshableApplicationContext.getBeanFactory(AbstractRefreshableApplicationContext.java:172)
	at org.springframework.context.support.AbstractApplicationContext.destroyBeans(AbstractApplicationContext.java:1066)
	at org.springframework.context.support.AbstractApplicationContext.doClose(AbstractApplicationContext.java:1040)
	at org.springframework.context.support.AbstractApplicationContext.close(AbstractApplicationContext.java:988)
	at org.springframework.web.context.ContextLoader.closeWebApplicationContext(ContextLoader.java:541)
	at org.springframework.web.context.ContextLoaderListener.contextDestroyed(ContextLoaderListener.java:142)
	at org.apache.catalina.core.StandardContext.listenerStop(StandardContext.java:4805)
	at org.apache.catalina.core.StandardContext.stopInternal(StandardContext.java:5453)
	at org.apache.catalina.util.LifecycleBase.stop(LifecycleBase.java:232)
	at org.apache.catalina.util.LifecycleBase.start(LifecycleBase.java:160)
	at org.apache.catalina.core.ContainerBase.addChildInternal(ContainerBase.java:866)
	at org.apache.catalina.core.ContainerBase.addChild(ContainerBase.java:842)
	at org.apache.catalina.core.StandardHost.addChild(StandardHost.java:615)
	at org.apache.catalina.startup.HostConfig.deployWAR(HostConfig.java:958)
	at org.apache.catalina.startup.HostConfig$DeployWar.run(HostConfig.java:1599)
	at java.util.concurrent.Executors$RunnableAdapter.call(Executors.java:471)
	at java.util.concurrent.FutureTask$Sync.innerRun(FutureTask.java:334)
	at java.util.concurrent.FutureTask.run(FutureTask.java:166)
	at java.util.concurrent.ThreadPoolExecutor.runWorker(ThreadPoolExecutor.java:1145)
	at java.util.concurrent.ThreadPoolExecutor$Worker.run(ThreadPoolExecutor.java:615)
	at java.lang.Thread.run(Thread.java:722)

十月 09, 2018 5:12:26 下午 org.apache.catalina.core.ApplicationContext log
INFO: Shutting down log4j
十月 09, 2018 5:12:26 下午 org.apache.catalina.core.ApplicationContext log
INFO: ContextListener: contextInitialized()
十月 09, 2018 5:12:26 下午 org.apache.catalina.core.ApplicationContext log
INFO: SessionListener: contextInitialized()
十月 09, 2018 5:12:26 下午 org.apache.catalina.core.ApplicationContext log
INFO: ContextListener: attributeAdded('org.apache.jasper.compiler.TldLocationsCache', 'org.apache.jasper.compiler.TldLocationsCache@836aae')
十月 09, 2018 5:14:13 下午 org.apache.catalina.core.ApplicationContext log
INFO: Set web app root system property: 'myapp.root' = [E:\apache-tomcat-7.0.23\apache-tomcat-7.0.23\webapps\real_sync\]
十月 09, 2018 5:14:13 下午 org.apache.catalina.core.ApplicationContext log
INFO: Initializing log4j from [E:\apache-tomcat-7.0.23\apache-tomcat-7.0.23\webapps\real_sync\WEB-INF\classes\log4j.properties]
十月 09, 2018 5:14:13 下午 org.apache.catalina.core.ApplicationContext log
INFO: Initializing Spring root WebApplicationContext
十月 09, 2018 5:14:20 下午 org.apache.catalina.core.ApplicationContext log
INFO: ContextListener: contextInitialized()
十月 09, 2018 5:14:20 下午 org.apache.catalina.core.ApplicationContext log
INFO: SessionListener: contextInitialized()
十月 09, 2018 5:14:20 下午 org.apache.catalina.core.ApplicationContext log
INFO: ContextListener: attributeAdded('org.apache.jasper.compiler.TldLocationsCache', 'org.apache.jasper.compiler.TldLocationsCache@c34938')
十月 09, 2018 5:19:52 下午 org.apache.catalina.core.ApplicationContext log
INFO: Set web app root system property: 'myapp.root' = [E:\apache-tomcat-7.0.23\apache-tomcat-7.0.23\webapps\real_sync\]
十月 09, 2018 5:19:52 下午 org.apache.catalina.core.ApplicationContext log
INFO: Initializing log4j from [E:\apache-tomcat-7.0.23\apache-tomcat-7.0.23\webapps\real_sync\WEB-INF\classes\log4j.properties]
十月 09, 2018 5:19:52 下午 org.apache.catalina.core.ApplicationContext log
INFO: Initializing Spring root WebApplicationContext
十月 09, 2018 5:20:00 下午 org.apache.catalina.core.ApplicationContext log
INFO: ContextListener: contextInitialized()
十月 09, 2018 5:20:00 下午 org.apache.catalina.core.ApplicationContext log
INFO: SessionListener: contextInitialized()
十月 09, 2018 5:20:00 下午 org.apache.catalina.core.ApplicationContext log
INFO: ContextListener: attributeAdded('org.apache.jasper.compiler.TldLocationsCache', 'org.apache.jasper.compiler.TldLocationsCache@c12282')
十月 09, 2018 5:20:34 下午 org.apache.catalina.core.ApplicationContext log
INFO: Set web app root system property: 'myapp.root' = [E:\apache-tomcat-7.0.23\apache-tomcat-7.0.23\webapps\real_sync\]
十月 09, 2018 5:20:35 下午 org.apache.catalina.core.ApplicationContext log
INFO: Initializing log4j from [E:\apache-tomcat-7.0.23\apache-tomcat-7.0.23\webapps\real_sync\WEB-INF\classes\log4j.properties]
十月 09, 2018 5:20:35 下午 org.apache.catalina.core.ApplicationContext log
INFO: Initializing Spring root WebApplicationContext
十月 09, 2018 5:20:43 下午 org.apache.catalina.core.ApplicationContext log
INFO: ContextListener: contextInitialized()
十月 09, 2018 5:20:43 下午 org.apache.catalina.core.ApplicationContext log
INFO: SessionListener: contextInitialized()
十月 09, 2018 5:20:43 下午 org.apache.catalina.core.ApplicationContext log
INFO: ContextListener: attributeAdded('org.apache.jasper.compiler.TldLocationsCache', 'org.apache.jasper.compiler.TldLocationsCache@91f69f')
