十月 08, 2018 8:39:51 上午 org.apache.catalina.core.ApplicationContext log
INFO: Set web app root system property: 'myapp.root' = [E:\apache-tomcat-7.0.23\apache-tomcat-7.0.23\webapps\real_sync\]
十月 08, 2018 8:39:51 上午 org.apache.catalina.core.ApplicationContext log
INFO: Initializing log4j from [E:\apache-tomcat-7.0.23\apache-tomcat-7.0.23\webapps\real_sync\WEB-INF\classes\log4j.properties]
十月 08, 2018 8:39:51 上午 org.apache.catalina.core.ApplicationContext log
INFO: Initializing Spring root WebApplicationContext
十月 08, 2018 8:40:07 上午 org.apache.catalina.core.StandardContext listenerStart
SEVERE: Exception sending context initialized event to listener instance of class org.springframework.web.context.ContextLoaderListener
org.springframework.beans.factory.BeanCreationException: Error creating bean with name 'regCenter': Invocation of init method failed; nested exception is com.dangdang.ddframe.job.reg.exception.RegException: org.apache.zookeeper.KeeperException$OperationTimeoutException: KeeperErrorCode = OperationTimeout
	at org.springframework.beans.factory.support.AbstractAutowireCapableBeanFactory.initializeBean(AbstractAutowireCapableBeanFactory.java:1455)
	at org.springframework.beans.factory.support.AbstractAutowireCapableBeanFactory.doCreateBean(AbstractAutowireCapableBeanFactory.java:519)
	at org.springframework.beans.factory.support.AbstractAutowireCapableBeanFactory.createBean(AbstractAutowireCapableBeanFactory.java:456)
	at org.springframework.beans.factory.support.AbstractBeanFactory$1.getObject(AbstractBeanFactory.java:294)
	at org.springframework.beans.factory.support.DefaultSingletonBeanRegistry.getSingleton(DefaultSingletonBeanRegistry.java:225)
	at org.springframework.beans.factory.support.AbstractBeanFactory.doGetBean(AbstractBeanFactory.java:291)
	at org.springframework.beans.factory.support.AbstractBeanFactory.getBean(AbstractBeanFactory.java:193)
	at org.springframework.beans.factory.support.DefaultListableBeanFactory.preInstantiateSingletons(DefaultListableBeanFactory.java:585)
	at org.springframework.context.support.AbstractApplicationContext.finishBeanFactoryInitialization(AbstractApplicationContext.java:913)
	at org.springframework.context.support.AbstractApplicationContext.refresh(AbstractApplicationContext.java:464)
	at org.springframework.web.context.ContextLoader.configureAndRefreshWebApplicationContext(ContextLoader.java:384)
	at org.springframework.web.context.ContextLoader.initWebApplicationContext(ContextLoader.java:283)
	at org.springframework.web.context.ContextLoaderListener.contextInitialized(ContextLoaderListener.java:111)
	at org.apache.catalina.core.StandardContext.listenerStart(StandardContext.java:4765)
	at org.apache.catalina.core.StandardContext.startInternal(StandardContext.java:5260)
	at org.apache.catalina.util.LifecycleBase.start(LifecycleBase.java:150)
	at org.apache.catalina.core.ContainerBase.addChildInternal(ContainerBase.java:866)
	at org.apache.catalina.core.ContainerBase.addChild(ContainerBase.java:842)
	at org.apache.catalina.core.StandardHost.addChild(StandardHost.java:615)
	at org.apache.catalina.startup.HostConfig.deployWAR(HostConfig.java:958)
	at org.apache.catalina.startup.HostConfig$DeployWar.run(HostConfig.java:1599)
	at java.util.concurrent.Executors$RunnableAdapter.call(Executors.java:471)
	at java.util.concurrent.FutureTask$Sync.innerRun(FutureTask.java:334)
	at java.util.concurrent.FutureTask.run(FutureTask.java:166)
	at java.util.concurrent.ThreadPoolExecutor.runWorker(ThreadPoolExecutor.java:1145)
	at java.util.concurrent.ThreadPoolExecutor$Worker.run(ThreadPoolExecutor.java:615)
	at java.lang.Thread.run(Thread.java:722)
Caused by: com.dangdang.ddframe.job.reg.exception.RegException: org.apache.zookeeper.KeeperException$OperationTimeoutException: KeeperErrorCode = OperationTimeout
	at com.dangdang.ddframe.job.reg.exception.RegExceptionHandler.handleException(RegExceptionHandler.java:52)
	at com.dangdang.ddframe.job.reg.zookeeper.ZookeeperRegistryCenter.init(ZookeeperRegistryCenter.java:107)
	at sun.reflect.NativeMethodAccessorImpl.invoke0(Native Method)
	at sun.reflect.NativeMethodAccessorImpl.invoke(NativeMethodAccessorImpl.java:57)
	at sun.reflect.DelegatingMethodAccessorImpl.invoke(DelegatingMethodAccessorImpl.java:43)
	at java.lang.reflect.Method.invoke(Method.java:601)
	at org.springframework.beans.factory.support.AbstractAutowireCapableBeanFactory.invokeCustomInitMethod(AbstractAutowireCapableBeanFactory.java:1581)
	at org.springframework.beans.factory.support.AbstractAutowireCapableBeanFactory.invokeInitMethods(AbstractAutowireCapableBeanFactory.java:1522)
	at org.springframework.beans.factory.support.AbstractAutowireCapableBeanFactory.initializeBean(AbstractAutowireCapableBeanFactory.java:1452)
	... 26 more
Caused by: org.apache.zookeeper.KeeperException$OperationTimeoutException: KeeperErrorCode = OperationTimeout
	at com.dangdang.ddframe.job.reg.zookeeper.ZookeeperRegistryCenter.init(ZookeeperRegistryCenter.java:102)
	... 33 more

十月 08, 2018 8:40:07 上午 org.apache.catalina.core.ApplicationContext log
INFO: Closing Spring root WebApplicationContext
十月 08, 2018 8:40:07 上午 org.apache.catalina.core.ApplicationContext log
INFO: Shutting down log4j
十月 08, 2018 8:40:07 上午 org.apache.catalina.core.ApplicationContext log
INFO: ContextListener: contextInitialized()
十月 08, 2018 8:40:07 上午 org.apache.catalina.core.ApplicationContext log
INFO: SessionListener: contextInitialized()
十月 08, 2018 8:40:07 上午 org.apache.catalina.core.ApplicationContext log
INFO: ContextListener: attributeAdded('org.apache.jasper.compiler.TldLocationsCache', 'org.apache.jasper.compiler.TldLocationsCache@e1a5a9')
十月 08, 2018 8:41:10 上午 org.apache.catalina.core.ApplicationContext log
INFO: Set web app root system property: 'myapp.root' = [E:\apache-tomcat-7.0.23\apache-tomcat-7.0.23\webapps\real_sync\]
十月 08, 2018 8:41:11 上午 org.apache.catalina.core.ApplicationContext log
INFO: Initializing log4j from [E:\apache-tomcat-7.0.23\apache-tomcat-7.0.23\webapps\real_sync\WEB-INF\classes\log4j.properties]
十月 08, 2018 8:41:11 上午 org.apache.catalina.core.ApplicationContext log
INFO: Initializing Spring root WebApplicationContext
十月 08, 2018 8:41:17 上午 org.apache.catalina.core.ApplicationContext log
INFO: ContextListener: contextInitialized()
十月 08, 2018 8:41:17 上午 org.apache.catalina.core.ApplicationContext log
INFO: SessionListener: contextInitialized()
十月 08, 2018 8:41:17 上午 org.apache.catalina.core.ApplicationContext log
INFO: ContextListener: attributeAdded('org.apache.jasper.compiler.TldLocationsCache', 'org.apache.jasper.compiler.TldLocationsCache@15d674b')
十月 08, 2018 8:50:56 上午 org.apache.catalina.core.ApplicationContext log
INFO: Set web app root system property: 'myapp.root' = [E:\apache-tomcat-7.0.23\apache-tomcat-7.0.23\webapps\real_sync\]
十月 08, 2018 8:50:56 上午 org.apache.catalina.core.ApplicationContext log
INFO: Initializing log4j from [E:\apache-tomcat-7.0.23\apache-tomcat-7.0.23\webapps\real_sync\WEB-INF\classes\log4j.properties]
十月 08, 2018 8:50:56 上午 org.apache.catalina.core.ApplicationContext log
INFO: Initializing Spring root WebApplicationContext
十月 08, 2018 8:51:03 上午 org.apache.catalina.core.ApplicationContext log
INFO: ContextListener: contextInitialized()
十月 08, 2018 8:51:03 上午 org.apache.catalina.core.ApplicationContext log
INFO: SessionListener: contextInitialized()
十月 08, 2018 8:51:03 上午 org.apache.catalina.core.ApplicationContext log
INFO: ContextListener: attributeAdded('org.apache.jasper.compiler.TldLocationsCache', 'org.apache.jasper.compiler.TldLocationsCache@cb0d73')
十月 08, 2018 9:20:08 上午 org.apache.catalina.core.ApplicationContext log
INFO: Set web app root system property: 'myapp.root' = [E:\apache-tomcat-7.0.23\apache-tomcat-7.0.23\webapps\real_sync\]
十月 08, 2018 9:20:08 上午 org.apache.catalina.core.ApplicationContext log
INFO: Initializing log4j from [E:\apache-tomcat-7.0.23\apache-tomcat-7.0.23\webapps\real_sync\WEB-INF\classes\log4j.properties]
十月 08, 2018 9:20:08 上午 org.apache.catalina.core.ApplicationContext log
INFO: Initializing Spring root WebApplicationContext
十月 08, 2018 9:20:17 上午 org.apache.catalina.core.ApplicationContext log
INFO: ContextListener: contextInitialized()
十月 08, 2018 9:20:17 上午 org.apache.catalina.core.ApplicationContext log
INFO: SessionListener: contextInitialized()
十月 08, 2018 9:20:17 上午 org.apache.catalina.core.ApplicationContext log
INFO: ContextListener: attributeAdded('org.apache.jasper.compiler.TldLocationsCache', 'org.apache.jasper.compiler.TldLocationsCache@91f69f')
十月 08, 2018 9:21:35 上午 org.apache.catalina.core.ApplicationContext log
INFO: Set web app root system property: 'myapp.root' = [E:\apache-tomcat-7.0.23\apache-tomcat-7.0.23\webapps\real_sync\]
十月 08, 2018 9:21:35 上午 org.apache.catalina.core.ApplicationContext log
INFO: Initializing log4j from [E:\apache-tomcat-7.0.23\apache-tomcat-7.0.23\webapps\real_sync\WEB-INF\classes\log4j.properties]
十月 08, 2018 9:21:35 上午 org.apache.catalina.core.ApplicationContext log
INFO: Initializing Spring root WebApplicationContext
十月 08, 2018 9:21:42 上午 org.apache.catalina.core.ApplicationContext log
INFO: ContextListener: contextInitialized()
十月 08, 2018 9:21:42 上午 org.apache.catalina.core.ApplicationContext log
INFO: SessionListener: contextInitialized()
十月 08, 2018 9:21:42 上午 org.apache.catalina.core.ApplicationContext log
INFO: ContextListener: attributeAdded('org.apache.jasper.compiler.TldLocationsCache', 'org.apache.jasper.compiler.TldLocationsCache@fff327')
十月 08, 2018 9:50:04 上午 org.apache.catalina.core.ApplicationContext log
INFO: Set web app root system property: 'myapp.root' = [E:\apache-tomcat-7.0.23\apache-tomcat-7.0.23\webapps\real_sync\]
十月 08, 2018 9:50:04 上午 org.apache.catalina.core.ApplicationContext log
INFO: Initializing log4j from [E:\apache-tomcat-7.0.23\apache-tomcat-7.0.23\webapps\real_sync\WEB-INF\classes\log4j.properties]
十月 08, 2018 9:50:04 上午 org.apache.catalina.core.ApplicationContext log
INFO: Initializing Spring root WebApplicationContext
十月 08, 2018 9:50:11 上午 org.apache.catalina.core.ApplicationContext log
INFO: ContextListener: contextInitialized()
十月 08, 2018 9:50:11 上午 org.apache.catalina.core.ApplicationContext log
INFO: SessionListener: contextInitialized()
十月 08, 2018 9:50:11 上午 org.apache.catalina.core.ApplicationContext log
INFO: ContextListener: attributeAdded('org.apache.jasper.compiler.TldLocationsCache', 'org.apache.jasper.compiler.TldLocationsCache@1c0c1b7')
十月 08, 2018 12:28:18 下午 org.apache.catalina.core.ApplicationContext log
INFO: Set web app root system property: 'myapp.root' = [E:\apache-tomcat-7.0.23\apache-tomcat-7.0.23\webapps\real_sync\]
十月 08, 2018 12:28:18 下午 org.apache.catalina.core.ApplicationContext log
INFO: Initializing log4j from [E:\apache-tomcat-7.0.23\apache-tomcat-7.0.23\webapps\real_sync\WEB-INF\classes\log4j.properties]
十月 08, 2018 12:28:18 下午 org.apache.catalina.core.ApplicationContext log
INFO: Initializing Spring root WebApplicationContext
十月 08, 2018 12:28:25 下午 org.apache.catalina.core.ApplicationContext log
INFO: ContextListener: contextInitialized()
十月 08, 2018 12:28:25 下午 org.apache.catalina.core.ApplicationContext log
INFO: SessionListener: contextInitialized()
十月 08, 2018 12:28:25 下午 org.apache.catalina.core.ApplicationContext log
INFO: ContextListener: attributeAdded('org.apache.jasper.compiler.TldLocationsCache', 'org.apache.jasper.compiler.TldLocationsCache@152883e')
十月 08, 2018 12:56:09 下午 org.apache.catalina.core.ApplicationContext log
INFO: Set web app root system property: 'myapp.root' = [E:\apache-tomcat-7.0.23\apache-tomcat-7.0.23\webapps\real_sync\]
十月 08, 2018 12:56:09 下午 org.apache.catalina.core.ApplicationContext log
INFO: Initializing log4j from [E:\apache-tomcat-7.0.23\apache-tomcat-7.0.23\webapps\real_sync\WEB-INF\classes\log4j.properties]
十月 08, 2018 12:56:09 下午 org.apache.catalina.core.ApplicationContext log
INFO: Initializing Spring root WebApplicationContext
十月 08, 2018 12:56:16 下午 org.apache.catalina.core.ApplicationContext log
INFO: ContextListener: contextInitialized()
十月 08, 2018 12:56:16 下午 org.apache.catalina.core.ApplicationContext log
INFO: SessionListener: contextInitialized()
十月 08, 2018 12:56:16 下午 org.apache.catalina.core.ApplicationContext log
INFO: ContextListener: attributeAdded('org.apache.jasper.compiler.TldLocationsCache', 'org.apache.jasper.compiler.TldLocationsCache@178553b')
十月 08, 2018 4:28:08 下午 org.apache.catalina.core.ApplicationContext log
INFO: Set web app root system property: 'myapp.root' = [E:\apache-tomcat-7.0.23\apache-tomcat-7.0.23\webapps\real_sync\]
十月 08, 2018 4:28:08 下午 org.apache.catalina.core.ApplicationContext log
INFO: Initializing log4j from [E:\apache-tomcat-7.0.23\apache-tomcat-7.0.23\webapps\real_sync\WEB-INF\classes\log4j.properties]
十月 08, 2018 4:28:08 下午 org.apache.catalina.core.ApplicationContext log
INFO: Initializing Spring root WebApplicationContext
十月 08, 2018 4:29:36 下午 org.apache.catalina.core.ApplicationContext log
INFO: Set web app root system property: 'myapp.root' = [E:\apache-tomcat-7.0.23\apache-tomcat-7.0.23\webapps\real_sync\]
十月 08, 2018 4:29:36 下午 org.apache.catalina.core.ApplicationContext log
INFO: Initializing log4j from [E:\apache-tomcat-7.0.23\apache-tomcat-7.0.23\webapps\real_sync\WEB-INF\classes\log4j.properties]
十月 08, 2018 4:29:36 下午 org.apache.catalina.core.ApplicationContext log
INFO: Initializing Spring root WebApplicationContext
十月 08, 2018 4:29:43 下午 org.apache.catalina.core.ApplicationContext log
INFO: ContextListener: contextInitialized()
十月 08, 2018 4:29:43 下午 org.apache.catalina.core.ApplicationContext log
INFO: SessionListener: contextInitialized()
十月 08, 2018 4:29:43 下午 org.apache.catalina.core.ApplicationContext log
INFO: ContextListener: attributeAdded('org.apache.jasper.compiler.TldLocationsCache', 'org.apache.jasper.compiler.TldLocationsCache@1f8b4cd')
十月 08, 2018 4:36:44 下午 org.apache.catalina.core.ApplicationContext log
INFO: Set web app root system property: 'myapp.root' = [E:\apache-tomcat-7.0.23\apache-tomcat-7.0.23\webapps\real_sync\]
十月 08, 2018 4:36:44 下午 org.apache.catalina.core.ApplicationContext log
INFO: Initializing log4j from [E:\apache-tomcat-7.0.23\apache-tomcat-7.0.23\webapps\real_sync\WEB-INF\classes\log4j.properties]
十月 08, 2018 4:36:44 下午 org.apache.catalina.core.ApplicationContext log
INFO: Initializing Spring root WebApplicationContext
十月 08, 2018 4:36:51 下午 org.apache.catalina.core.ApplicationContext log
INFO: ContextListener: contextInitialized()
十月 08, 2018 4:36:51 下午 org.apache.catalina.core.ApplicationContext log
INFO: SessionListener: contextInitialized()
十月 08, 2018 4:36:51 下午 org.apache.catalina.core.ApplicationContext log
INFO: ContextListener: attributeAdded('org.apache.jasper.compiler.TldLocationsCache', 'org.apache.jasper.compiler.TldLocationsCache@6bfe1f')
十月 08, 2018 4:37:30 下午 org.apache.catalina.core.ApplicationContext log
INFO: Set web app root system property: 'myapp.root' = [E:\apache-tomcat-7.0.23\apache-tomcat-7.0.23\webapps\real_sync\]
十月 08, 2018 4:37:30 下午 org.apache.catalina.core.ApplicationContext log
INFO: Initializing log4j from [E:\apache-tomcat-7.0.23\apache-tomcat-7.0.23\webapps\real_sync\WEB-INF\classes\log4j.properties]
十月 08, 2018 4:37:30 下午 org.apache.catalina.core.ApplicationContext log
INFO: Initializing Spring root WebApplicationContext
十月 08, 2018 4:37:37 下午 org.apache.catalina.core.ApplicationContext log
INFO: ContextListener: contextInitialized()
十月 08, 2018 4:37:37 下午 org.apache.catalina.core.ApplicationContext log
INFO: SessionListener: contextInitialized()
十月 08, 2018 4:37:37 下午 org.apache.catalina.core.ApplicationContext log
INFO: ContextListener: attributeAdded('org.apache.jasper.compiler.TldLocationsCache', 'org.apache.jasper.compiler.TldLocationsCache@a2904a')
十月 08, 2018 4:40:41 下午 org.apache.catalina.core.ApplicationContext log
INFO: Set web app root system property: 'myapp.root' = [E:\apache-tomcat-7.0.23\apache-tomcat-7.0.23\webapps\real_sync\]
十月 08, 2018 4:40:41 下午 org.apache.catalina.core.ApplicationContext log
INFO: Initializing log4j from [E:\apache-tomcat-7.0.23\apache-tomcat-7.0.23\webapps\real_sync\WEB-INF\classes\log4j.properties]
十月 08, 2018 4:40:41 下午 org.apache.catalina.core.ApplicationContext log
INFO: Initializing Spring root WebApplicationContext
十月 08, 2018 4:40:48 下午 org.apache.catalina.core.ApplicationContext log
INFO: ContextListener: contextInitialized()
十月 08, 2018 4:40:48 下午 org.apache.catalina.core.ApplicationContext log
INFO: SessionListener: contextInitialized()
十月 08, 2018 4:40:48 下午 org.apache.catalina.core.ApplicationContext log
INFO: ContextListener: attributeAdded('org.apache.jasper.compiler.TldLocationsCache', 'org.apache.jasper.compiler.TldLocationsCache@10d0e02')
十月 08, 2018 4:43:02 下午 org.apache.catalina.core.ApplicationContext log
INFO: Set web app root system property: 'myapp.root' = [E:\apache-tomcat-7.0.23\apache-tomcat-7.0.23\webapps\real_sync\]
十月 08, 2018 4:43:02 下午 org.apache.catalina.core.ApplicationContext log
INFO: Initializing log4j from [E:\apache-tomcat-7.0.23\apache-tomcat-7.0.23\webapps\real_sync\WEB-INF\classes\log4j.properties]
十月 08, 2018 4:43:02 下午 org.apache.catalina.core.ApplicationContext log
INFO: Initializing Spring root WebApplicationContext
十月 08, 2018 4:43:10 下午 org.apache.catalina.core.ApplicationContext log
INFO: ContextListener: contextInitialized()
十月 08, 2018 4:43:10 下午 org.apache.catalina.core.ApplicationContext log
INFO: SessionListener: contextInitialized()
十月 08, 2018 4:43:10 下午 org.apache.catalina.core.ApplicationContext log
INFO: ContextListener: attributeAdded('org.apache.jasper.compiler.TldLocationsCache', 'org.apache.jasper.compiler.TldLocationsCache@11fe6f9')
十月 08, 2018 4:45:30 下午 org.apache.catalina.core.ApplicationContext log
INFO: Set web app root system property: 'myapp.root' = [E:\apache-tomcat-7.0.23\apache-tomcat-7.0.23\webapps\real_sync\]
十月 08, 2018 4:45:30 下午 org.apache.catalina.core.ApplicationContext log
INFO: Initializing log4j from [E:\apache-tomcat-7.0.23\apache-tomcat-7.0.23\webapps\real_sync\WEB-INF\classes\log4j.properties]
十月 08, 2018 4:45:30 下午 org.apache.catalina.core.ApplicationContext log
INFO: Initializing Spring root WebApplicationContext
十月 08, 2018 4:45:37 下午 org.apache.catalina.core.ApplicationContext log
INFO: ContextListener: contextInitialized()
十月 08, 2018 4:45:37 下午 org.apache.catalina.core.ApplicationContext log
INFO: SessionListener: contextInitialized()
十月 08, 2018 4:45:37 下午 org.apache.catalina.core.ApplicationContext log
INFO: ContextListener: attributeAdded('org.apache.jasper.compiler.TldLocationsCache', 'org.apache.jasper.compiler.TldLocationsCache@1b4dc48')
十月 08, 2018 4:48:02 下午 org.apache.catalina.core.ApplicationContext log
INFO: Set web app root system property: 'myapp.root' = [E:\apache-tomcat-7.0.23\apache-tomcat-7.0.23\webapps\real_sync\]
十月 08, 2018 4:48:02 下午 org.apache.catalina.core.ApplicationContext log
INFO: Initializing log4j from [E:\apache-tomcat-7.0.23\apache-tomcat-7.0.23\webapps\real_sync\WEB-INF\classes\log4j.properties]
十月 08, 2018 4:48:02 下午 org.apache.catalina.core.ApplicationContext log
INFO: Initializing Spring root WebApplicationContext
十月 08, 2018 4:48:09 下午 org.apache.catalina.core.ApplicationContext log
INFO: ContextListener: contextInitialized()
十月 08, 2018 4:48:09 下午 org.apache.catalina.core.ApplicationContext log
INFO: SessionListener: contextInitialized()
十月 08, 2018 4:48:09 下午 org.apache.catalina.core.ApplicationContext log
INFO: ContextListener: attributeAdded('org.apache.jasper.compiler.TldLocationsCache', 'org.apache.jasper.compiler.TldLocationsCache@1c23d6f')
