十月 22, 2018 9:12:19 上午 org.apache.catalina.core.ApplicationContext log
INFO: Set web app root system property: 'myapp.root' = [C:\apache-tomcat-7.0.23\apache-tomcat-7.0.23\webapps\real_sync\]
十月 22, 2018 9:12:19 上午 org.apache.catalina.core.ApplicationContext log
INFO: Initializing log4j from [C:\apache-tomcat-7.0.23\apache-tomcat-7.0.23\webapps\real_sync\WEB-INF\classes\log4j.properties]
十月 22, 2018 9:12:19 上午 org.apache.catalina.core.ApplicationContext log
INFO: Initializing Spring root WebApplicationContext
十月 22, 2018 9:13:17 上午 org.apache.catalina.core.ApplicationContext log
INFO: Set web app root system property: 'myapp.root' = [C:\apache-tomcat-7.0.23\apache-tomcat-7.0.23\webapps\cxf_qzaj\]
十月 22, 2018 9:13:17 上午 org.apache.catalina.core.ApplicationContext log
INFO: Initializing log4j from [C:\apache-tomcat-7.0.23\apache-tomcat-7.0.23\webapps\cxf_qzaj\WEB-INF\classes\log4j.properties]
十月 22, 2018 9:13:17 上午 org.apache.catalina.core.ApplicationContext log
INFO: Initializing Spring root WebApplicationContext
十月 22, 2018 9:13:20 上午 org.apache.catalina.core.ApplicationContext log
INFO: Initializing Spring FrameworkServlet 'springmvc'
十月 22, 2018 9:13:21 上午 org.apache.catalina.core.StandardContext listenerStart
SEVERE: Exception sending context initialized event to listener instance of class org.springframework.web.util.Log4jConfigListener
java.lang.IllegalStateException: Web app root system property already set to different value: 'myapp.root' = [C:\apache-tomcat-7.0.23\apache-tomcat-7.0.23\webapps\cxf_qzaj\] instead of [C:\apache-tomcat-7.0.23\apache-tomcat-7.0.23\webapps\real_sync\] - Choose unique values for the 'webAppRootKey' context-param in your web.xml files!
	at org.springframework.web.util.WebUtils.setWebAppRootSystemProperty(WebUtils.java:148)
	at org.springframework.web.util.Log4jWebConfigurer.initLogging(Log4jWebConfigurer.java:117)
	at org.springframework.web.util.Log4jConfigListener.contextInitialized(Log4jConfigListener.java:45)
	at org.apache.catalina.core.StandardContext.listenerStart(StandardContext.java:4765)
	at org.apache.catalina.core.StandardContext.startInternal(StandardContext.java:5260)
	at org.apache.catalina.util.LifecycleBase.start(LifecycleBase.java:150)
	at org.apache.catalina.core.ContainerBase.addChildInternal(ContainerBase.java:866)
	at org.apache.catalina.core.ContainerBase.addChild(ContainerBase.java:842)
	at org.apache.catalina.core.StandardHost.addChild(StandardHost.java:615)
	at org.apache.catalina.startup.HostConfig.deployWAR(HostConfig.java:958)
	at org.apache.catalina.startup.HostConfig$DeployWar.run(HostConfig.java:1599)
	at java.util.concurrent.Executors$RunnableAdapter.call(Executors.java:471)
	at java.util.concurrent.FutureTask$Sync.innerRun(FutureTask.java:334)
	at java.util.concurrent.FutureTask.run(FutureTask.java:166)
	at java.util.concurrent.ThreadPoolExecutor.runWorker(ThreadPoolExecutor.java:1145)
	at java.util.concurrent.ThreadPoolExecutor$Worker.run(ThreadPoolExecutor.java:615)
	at java.lang.Thread.run(Thread.java:722)

十月 22, 2018 9:13:21 上午 org.apache.catalina.core.ApplicationContext log
INFO: Initializing Spring root WebApplicationContext
十月 22, 2018 9:13:27 上午 org.apache.catalina.core.ApplicationContext log
INFO: Closing Spring root WebApplicationContext
十月 22, 2018 9:13:27 上午 org.apache.catalina.core.ApplicationContext log
INFO: Shutting down log4j
十月 22, 2018 9:13:27 上午 org.apache.catalina.core.ApplicationContext log
INFO: ContextListener: contextInitialized()
十月 22, 2018 9:13:27 上午 org.apache.catalina.core.ApplicationContext log
INFO: SessionListener: contextInitialized()
十月 22, 2018 9:13:27 上午 org.apache.catalina.core.ApplicationContext log
INFO: ContextListener: attributeAdded('org.apache.jasper.compiler.TldLocationsCache', 'org.apache.jasper.compiler.TldLocationsCache@a447f')
十月 22, 2018 10:12:18 上午 org.apache.catalina.core.ApplicationContext log
INFO: Set web app root system property: 'myapp.root' = [C:\apache-tomcat-7.0.23\apache-tomcat-7.0.23\webapps\cxf_qzaj\]
十月 22, 2018 10:12:18 上午 org.apache.catalina.core.ApplicationContext log
INFO: Initializing log4j from [C:\apache-tomcat-7.0.23\apache-tomcat-7.0.23\webapps\cxf_qzaj\WEB-INF\classes\log4j.properties]
十月 22, 2018 10:12:18 上午 org.apache.catalina.core.ApplicationContext log
INFO: Initializing Spring root WebApplicationContext
十月 22, 2018 10:12:21 上午 org.apache.catalina.core.ApplicationContext log
INFO: Initializing Spring FrameworkServlet 'springmvc'
十月 22, 2018 10:12:21 上午 org.apache.catalina.core.StandardContext listenerStart
SEVERE: Exception sending context initialized event to listener instance of class org.springframework.web.util.Log4jConfigListener
java.lang.IllegalStateException: Web app root system property already set to different value: 'myapp.root' = [C:\apache-tomcat-7.0.23\apache-tomcat-7.0.23\webapps\cxf_qzaj\] instead of [C:\apache-tomcat-7.0.23\apache-tomcat-7.0.23\webapps\real_sync\] - Choose unique values for the 'webAppRootKey' context-param in your web.xml files!
	at org.springframework.web.util.WebUtils.setWebAppRootSystemProperty(WebUtils.java:148)
	at org.springframework.web.util.Log4jWebConfigurer.initLogging(Log4jWebConfigurer.java:117)
	at org.springframework.web.util.Log4jConfigListener.contextInitialized(Log4jConfigListener.java:45)
	at org.apache.catalina.core.StandardContext.listenerStart(StandardContext.java:4765)
	at org.apache.catalina.core.StandardContext.startInternal(StandardContext.java:5260)
	at org.apache.catalina.util.LifecycleBase.start(LifecycleBase.java:150)
	at org.apache.catalina.core.ContainerBase.addChildInternal(ContainerBase.java:866)
	at org.apache.catalina.core.ContainerBase.addChild(ContainerBase.java:842)
	at org.apache.catalina.core.StandardHost.addChild(StandardHost.java:615)
	at org.apache.catalina.startup.HostConfig.deployWAR(HostConfig.java:958)
	at org.apache.catalina.startup.HostConfig$DeployWar.run(HostConfig.java:1599)
	at java.util.concurrent.Executors$RunnableAdapter.call(Executors.java:471)
	at java.util.concurrent.FutureTask$Sync.innerRun(FutureTask.java:334)
	at java.util.concurrent.FutureTask.run(FutureTask.java:166)
	at java.util.concurrent.ThreadPoolExecutor.runWorker(ThreadPoolExecutor.java:1145)
	at java.util.concurrent.ThreadPoolExecutor$Worker.run(ThreadPoolExecutor.java:615)
	at java.lang.Thread.run(Thread.java:722)

十月 22, 2018 10:12:21 上午 org.apache.catalina.core.ApplicationContext log
INFO: Initializing Spring root WebApplicationContext
十月 22, 2018 10:12:27 上午 org.apache.catalina.core.ApplicationContext log
INFO: Closing Spring root WebApplicationContext
十月 22, 2018 10:12:27 上午 org.apache.catalina.core.ApplicationContext log
INFO: Shutting down log4j
十月 22, 2018 10:12:27 上午 org.apache.catalina.core.ApplicationContext log
INFO: ContextListener: contextInitialized()
十月 22, 2018 10:12:27 上午 org.apache.catalina.core.ApplicationContext log
INFO: SessionListener: contextInitialized()
十月 22, 2018 10:12:27 上午 org.apache.catalina.core.ApplicationContext log
INFO: ContextListener: attributeAdded('org.apache.jasper.compiler.TldLocationsCache', 'org.apache.jasper.compiler.TldLocationsCache@18cce81')
十月 22, 2018 10:16:00 上午 org.apache.catalina.core.ApplicationContext log
INFO: Set web app root system property: 'myapp.root' = [C:\apache-tomcat-7.0.23\apache-tomcat-7.0.23\webapps\cxf_qzaj\]
十月 22, 2018 10:16:00 上午 org.apache.catalina.core.ApplicationContext log
INFO: Initializing log4j from [C:\apache-tomcat-7.0.23\apache-tomcat-7.0.23\webapps\cxf_qzaj\WEB-INF\classes\log4j.properties]
十月 22, 2018 10:16:00 上午 org.apache.catalina.core.ApplicationContext log
INFO: Initializing Spring root WebApplicationContext
十月 22, 2018 10:16:02 上午 org.apache.catalina.core.ApplicationContext log
INFO: Initializing Spring FrameworkServlet 'springmvc'
十月 22, 2018 10:16:03 上午 org.apache.catalina.core.StandardContext listenerStart
SEVERE: Exception sending context initialized event to listener instance of class org.springframework.web.util.Log4jConfigListener
java.lang.IllegalStateException: Web app root system property already set to different value: 'myapp.root' = [C:\apache-tomcat-7.0.23\apache-tomcat-7.0.23\webapps\cxf_qzaj\] instead of [C:\apache-tomcat-7.0.23\apache-tomcat-7.0.23\webapps\real_sync\] - Choose unique values for the 'webAppRootKey' context-param in your web.xml files!
	at org.springframework.web.util.WebUtils.setWebAppRootSystemProperty(WebUtils.java:148)
	at org.springframework.web.util.Log4jWebConfigurer.initLogging(Log4jWebConfigurer.java:117)
	at org.springframework.web.util.Log4jConfigListener.contextInitialized(Log4jConfigListener.java:45)
	at org.apache.catalina.core.StandardContext.listenerStart(StandardContext.java:4765)
	at org.apache.catalina.core.StandardContext.startInternal(StandardContext.java:5260)
	at org.apache.catalina.util.LifecycleBase.start(LifecycleBase.java:150)
	at org.apache.catalina.core.ContainerBase.addChildInternal(ContainerBase.java:866)
	at org.apache.catalina.core.ContainerBase.addChild(ContainerBase.java:842)
	at org.apache.catalina.core.StandardHost.addChild(StandardHost.java:615)
	at org.apache.catalina.startup.HostConfig.deployWAR(HostConfig.java:958)
	at org.apache.catalina.startup.HostConfig$DeployWar.run(HostConfig.java:1599)
	at java.util.concurrent.Executors$RunnableAdapter.call(Executors.java:471)
	at java.util.concurrent.FutureTask$Sync.innerRun(FutureTask.java:334)
	at java.util.concurrent.FutureTask.run(FutureTask.java:166)
	at java.util.concurrent.ThreadPoolExecutor.runWorker(ThreadPoolExecutor.java:1145)
	at java.util.concurrent.ThreadPoolExecutor$Worker.run(ThreadPoolExecutor.java:615)
	at java.lang.Thread.run(Thread.java:722)

十月 22, 2018 10:16:03 上午 org.apache.catalina.core.ApplicationContext log
INFO: Initializing Spring root WebApplicationContext
十月 22, 2018 10:16:08 上午 org.apache.catalina.core.ApplicationContext log
INFO: Closing Spring root WebApplicationContext
十月 22, 2018 10:16:08 上午 org.apache.catalina.core.ApplicationContext log
INFO: Shutting down log4j
十月 22, 2018 10:16:08 上午 org.apache.catalina.core.ApplicationContext log
INFO: ContextListener: contextInitialized()
十月 22, 2018 10:16:08 上午 org.apache.catalina.core.ApplicationContext log
INFO: SessionListener: contextInitialized()
十月 22, 2018 10:16:08 上午 org.apache.catalina.core.ApplicationContext log
INFO: ContextListener: attributeAdded('org.apache.jasper.compiler.TldLocationsCache', 'org.apache.jasper.compiler.TldLocationsCache@18cce81')
十月 22, 2018 10:20:56 上午 org.apache.catalina.core.ApplicationContext log
INFO: Set web app root system property: 'myapp.root' = [C:\apache-tomcat-7.0.23\apache-tomcat-7.0.23\webapps\cxf_qzaj\]
十月 22, 2018 10:20:56 上午 org.apache.catalina.core.ApplicationContext log
INFO: Initializing log4j from [C:\apache-tomcat-7.0.23\apache-tomcat-7.0.23\webapps\cxf_qzaj\WEB-INF\classes\log4j.properties]
十月 22, 2018 10:20:56 上午 org.apache.catalina.core.ApplicationContext log
INFO: Initializing Spring root WebApplicationContext
十月 22, 2018 10:20:59 上午 org.apache.catalina.core.ApplicationContext log
INFO: Initializing Spring FrameworkServlet 'springmvc'
十月 22, 2018 10:21:00 上午 org.apache.catalina.core.StandardContext listenerStart
SEVERE: Exception sending context initialized event to listener instance of class org.springframework.web.util.Log4jConfigListener
java.lang.IllegalStateException: Web app root system property already set to different value: 'myapp.root' = [C:\apache-tomcat-7.0.23\apache-tomcat-7.0.23\webapps\cxf_qzaj\] instead of [C:\apache-tomcat-7.0.23\apache-tomcat-7.0.23\webapps\real_sync\] - Choose unique values for the 'webAppRootKey' context-param in your web.xml files!
	at org.springframework.web.util.WebUtils.setWebAppRootSystemProperty(WebUtils.java:148)
	at org.springframework.web.util.Log4jWebConfigurer.initLogging(Log4jWebConfigurer.java:117)
	at org.springframework.web.util.Log4jConfigListener.contextInitialized(Log4jConfigListener.java:45)
	at org.apache.catalina.core.StandardContext.listenerStart(StandardContext.java:4765)
	at org.apache.catalina.core.StandardContext.startInternal(StandardContext.java:5260)
	at org.apache.catalina.util.LifecycleBase.start(LifecycleBase.java:150)
	at org.apache.catalina.core.ContainerBase.addChildInternal(ContainerBase.java:866)
	at org.apache.catalina.core.ContainerBase.addChild(ContainerBase.java:842)
	at org.apache.catalina.core.StandardHost.addChild(StandardHost.java:615)
	at org.apache.catalina.startup.HostConfig.deployWAR(HostConfig.java:958)
	at org.apache.catalina.startup.HostConfig$DeployWar.run(HostConfig.java:1599)
	at java.util.concurrent.Executors$RunnableAdapter.call(Executors.java:471)
	at java.util.concurrent.FutureTask$Sync.innerRun(FutureTask.java:334)
	at java.util.concurrent.FutureTask.run(FutureTask.java:166)
	at java.util.concurrent.ThreadPoolExecutor.runWorker(ThreadPoolExecutor.java:1145)
	at java.util.concurrent.ThreadPoolExecutor$Worker.run(ThreadPoolExecutor.java:615)
	at java.lang.Thread.run(Thread.java:722)

十月 22, 2018 10:21:00 上午 org.apache.catalina.core.ApplicationContext log
INFO: Initializing Spring root WebApplicationContext
十月 22, 2018 10:21:05 上午 org.apache.catalina.core.ApplicationContext log
INFO: Closing Spring root WebApplicationContext
十月 22, 2018 10:21:06 上午 org.apache.catalina.core.ApplicationContext log
INFO: Shutting down log4j
十月 22, 2018 10:21:06 上午 org.apache.catalina.core.ApplicationContext log
INFO: ContextListener: contextInitialized()
十月 22, 2018 10:21:06 上午 org.apache.catalina.core.ApplicationContext log
INFO: SessionListener: contextInitialized()
十月 22, 2018 10:21:06 上午 org.apache.catalina.core.ApplicationContext log
INFO: ContextListener: attributeAdded('org.apache.jasper.compiler.TldLocationsCache', 'org.apache.jasper.compiler.TldLocationsCache@1e8844d')
十月 22, 2018 10:25:01 上午 org.apache.catalina.core.ApplicationContext log
INFO: Set web app root system property: 'myapp.root' = [C:\apache-tomcat-7.0.23\apache-tomcat-7.0.23\webapps\cxf_qzaj\]
十月 22, 2018 10:25:01 上午 org.apache.catalina.core.ApplicationContext log
INFO: Initializing log4j from [C:\apache-tomcat-7.0.23\apache-tomcat-7.0.23\webapps\cxf_qzaj\WEB-INF\classes\log4j.properties]
十月 22, 2018 10:25:01 上午 org.apache.catalina.core.ApplicationContext log
INFO: Initializing Spring root WebApplicationContext
十月 22, 2018 10:25:04 上午 org.apache.catalina.core.ApplicationContext log
INFO: Initializing Spring FrameworkServlet 'springmvc'
十月 22, 2018 10:25:05 上午 org.apache.catalina.core.StandardContext listenerStart
SEVERE: Exception sending context initialized event to listener instance of class org.springframework.web.util.Log4jConfigListener
java.lang.IllegalStateException: Web app root system property already set to different value: 'myapp.root' = [C:\apache-tomcat-7.0.23\apache-tomcat-7.0.23\webapps\cxf_qzaj\] instead of [C:\apache-tomcat-7.0.23\apache-tomcat-7.0.23\webapps\real_sync\] - Choose unique values for the 'webAppRootKey' context-param in your web.xml files!
	at org.springframework.web.util.WebUtils.setWebAppRootSystemProperty(WebUtils.java:148)
	at org.springframework.web.util.Log4jWebConfigurer.initLogging(Log4jWebConfigurer.java:117)
	at org.springframework.web.util.Log4jConfigListener.contextInitialized(Log4jConfigListener.java:45)
	at org.apache.catalina.core.StandardContext.listenerStart(StandardContext.java:4765)
	at org.apache.catalina.core.StandardContext.startInternal(StandardContext.java:5260)
	at org.apache.catalina.util.LifecycleBase.start(LifecycleBase.java:150)
	at org.apache.catalina.core.ContainerBase.addChildInternal(ContainerBase.java:866)
	at org.apache.catalina.core.ContainerBase.addChild(ContainerBase.java:842)
	at org.apache.catalina.core.StandardHost.addChild(StandardHost.java:615)
	at org.apache.catalina.startup.HostConfig.deployWAR(HostConfig.java:958)
	at org.apache.catalina.startup.HostConfig$DeployWar.run(HostConfig.java:1599)
	at java.util.concurrent.Executors$RunnableAdapter.call(Executors.java:471)
	at java.util.concurrent.FutureTask$Sync.innerRun(FutureTask.java:334)
	at java.util.concurrent.FutureTask.run(FutureTask.java:166)
	at java.util.concurrent.ThreadPoolExecutor.runWorker(ThreadPoolExecutor.java:1145)
	at java.util.concurrent.ThreadPoolExecutor$Worker.run(ThreadPoolExecutor.java:615)
	at java.lang.Thread.run(Thread.java:722)

十月 22, 2018 10:25:05 上午 org.apache.catalina.core.ApplicationContext log
INFO: Initializing Spring root WebApplicationContext
十月 22, 2018 10:25:15 上午 org.apache.catalina.core.ApplicationContext log
INFO: Closing Spring root WebApplicationContext
十月 22, 2018 10:25:15 上午 org.apache.catalina.core.ApplicationContext log
INFO: Shutting down log4j
十月 22, 2018 10:25:15 上午 org.apache.catalina.core.ApplicationContext log
INFO: ContextListener: contextInitialized()
十月 22, 2018 10:25:15 上午 org.apache.catalina.core.ApplicationContext log
INFO: SessionListener: contextInitialized()
十月 22, 2018 10:25:15 上午 org.apache.catalina.core.ApplicationContext log
INFO: ContextListener: attributeAdded('org.apache.jasper.compiler.TldLocationsCache', 'org.apache.jasper.compiler.TldLocationsCache@88d959')
十月 22, 2018 10:25:15 上午 org.apache.catalina.core.ApplicationContext log
INFO: SessionListener: contextDestroyed()
十月 22, 2018 10:25:15 上午 org.apache.catalina.core.ApplicationContext log
INFO: ContextListener: contextDestroyed()
十月 22, 2018 10:25:15 上午 org.apache.catalina.core.ApplicationContext log
INFO: Destroying Spring FrameworkServlet 'springmvc'
十月 22, 2018 10:25:15 上午 org.apache.catalina.core.ApplicationContext log
INFO: Closing Spring root WebApplicationContext
十月 22, 2018 10:25:15 上午 org.apache.catalina.core.ApplicationContext log
INFO: Shutting down log4j
十月 22, 2018 10:26:33 上午 org.apache.catalina.core.ApplicationContext log
INFO: Set web app root system property: 'myapp.root' = [C:\apache-tomcat-7.0.23\apache-tomcat-7.0.23\webapps\cxf_qzaj\]
十月 22, 2018 10:26:33 上午 org.apache.catalina.core.ApplicationContext log
INFO: Initializing log4j from [C:\apache-tomcat-7.0.23\apache-tomcat-7.0.23\webapps\cxf_qzaj\WEB-INF\classes\log4j.properties]
十月 22, 2018 10:26:33 上午 org.apache.catalina.core.ApplicationContext log
INFO: Initializing Spring root WebApplicationContext
十月 22, 2018 10:26:36 上午 org.apache.catalina.core.ApplicationContext log
INFO: Initializing Spring FrameworkServlet 'springmvc'
十月 22, 2018 10:26:36 上午 org.apache.catalina.core.StandardContext listenerStart
SEVERE: Exception sending context initialized event to listener instance of class org.springframework.web.util.Log4jConfigListener
java.lang.IllegalStateException: Web app root system property already set to different value: 'myapp.root' = [C:\apache-tomcat-7.0.23\apache-tomcat-7.0.23\webapps\cxf_qzaj\] instead of [C:\apache-tomcat-7.0.23\apache-tomcat-7.0.23\webapps\real_sync\] - Choose unique values for the 'webAppRootKey' context-param in your web.xml files!
	at org.springframework.web.util.WebUtils.setWebAppRootSystemProperty(WebUtils.java:148)
	at org.springframework.web.util.Log4jWebConfigurer.initLogging(Log4jWebConfigurer.java:117)
	at org.springframework.web.util.Log4jConfigListener.contextInitialized(Log4jConfigListener.java:45)
	at org.apache.catalina.core.StandardContext.listenerStart(StandardContext.java:4765)
	at org.apache.catalina.core.StandardContext.startInternal(StandardContext.java:5260)
	at org.apache.catalina.util.LifecycleBase.start(LifecycleBase.java:150)
	at org.apache.catalina.core.ContainerBase.addChildInternal(ContainerBase.java:866)
	at org.apache.catalina.core.ContainerBase.addChild(ContainerBase.java:842)
	at org.apache.catalina.core.StandardHost.addChild(StandardHost.java:615)
	at org.apache.catalina.startup.HostConfig.deployWAR(HostConfig.java:958)
	at org.apache.catalina.startup.HostConfig$DeployWar.run(HostConfig.java:1599)
	at java.util.concurrent.Executors$RunnableAdapter.call(Executors.java:471)
	at java.util.concurrent.FutureTask$Sync.innerRun(FutureTask.java:334)
	at java.util.concurrent.FutureTask.run(FutureTask.java:166)
	at java.util.concurrent.ThreadPoolExecutor.runWorker(ThreadPoolExecutor.java:1145)
	at java.util.concurrent.ThreadPoolExecutor$Worker.run(ThreadPoolExecutor.java:615)
	at java.lang.Thread.run(Thread.java:722)

十月 22, 2018 10:26:36 上午 org.apache.catalina.core.ApplicationContext log
INFO: Initializing Spring root WebApplicationContext
十月 22, 2018 10:26:42 上午 org.apache.catalina.core.ApplicationContext log
INFO: Closing Spring root WebApplicationContext
十月 22, 2018 10:26:42 上午 org.apache.catalina.core.ApplicationContext log
INFO: Shutting down log4j
十月 22, 2018 10:26:42 上午 org.apache.catalina.core.ApplicationContext log
INFO: ContextListener: contextInitialized()
十月 22, 2018 10:26:42 上午 org.apache.catalina.core.ApplicationContext log
INFO: SessionListener: contextInitialized()
十月 22, 2018 10:26:42 上午 org.apache.catalina.core.ApplicationContext log
INFO: ContextListener: attributeAdded('org.apache.jasper.compiler.TldLocationsCache', 'org.apache.jasper.compiler.TldLocationsCache@d2c899')
十月 22, 2018 10:32:09 上午 org.apache.catalina.core.ApplicationContext log
INFO: Set web app root system property: 'myapp.root' = [C:\apache-tomcat-7.0.23\apache-tomcat-7.0.23\webapps\cxf_qzaj\]
十月 22, 2018 10:32:09 上午 org.apache.catalina.core.ApplicationContext log
INFO: Initializing log4j from [C:\apache-tomcat-7.0.23\apache-tomcat-7.0.23\webapps\cxf_qzaj\WEB-INF\classes\log4j.properties]
十月 22, 2018 10:32:09 上午 org.apache.catalina.core.ApplicationContext log
INFO: Initializing Spring root WebApplicationContext
十月 22, 2018 10:32:12 上午 org.apache.catalina.core.ApplicationContext log
INFO: Initializing Spring FrameworkServlet 'springmvc'
十月 22, 2018 10:32:13 上午 org.apache.catalina.core.StandardContext listenerStart
SEVERE: Exception sending context initialized event to listener instance of class org.springframework.web.util.Log4jConfigListener
java.lang.IllegalStateException: Web app root system property already set to different value: 'myapp.root' = [C:\apache-tomcat-7.0.23\apache-tomcat-7.0.23\webapps\cxf_qzaj\] instead of [C:\apache-tomcat-7.0.23\apache-tomcat-7.0.23\webapps\real_sync\] - Choose unique values for the 'webAppRootKey' context-param in your web.xml files!
	at org.springframework.web.util.WebUtils.setWebAppRootSystemProperty(WebUtils.java:148)
	at org.springframework.web.util.Log4jWebConfigurer.initLogging(Log4jWebConfigurer.java:117)
	at org.springframework.web.util.Log4jConfigListener.contextInitialized(Log4jConfigListener.java:45)
	at org.apache.catalina.core.StandardContext.listenerStart(StandardContext.java:4765)
	at org.apache.catalina.core.StandardContext.startInternal(StandardContext.java:5260)
	at org.apache.catalina.util.LifecycleBase.start(LifecycleBase.java:150)
	at org.apache.catalina.core.ContainerBase.addChildInternal(ContainerBase.java:866)
	at org.apache.catalina.core.ContainerBase.addChild(ContainerBase.java:842)
	at org.apache.catalina.core.StandardHost.addChild(StandardHost.java:615)
	at org.apache.catalina.startup.HostConfig.deployWAR(HostConfig.java:958)
	at org.apache.catalina.startup.HostConfig$DeployWar.run(HostConfig.java:1599)
	at java.util.concurrent.Executors$RunnableAdapter.call(Executors.java:471)
	at java.util.concurrent.FutureTask$Sync.innerRun(FutureTask.java:334)
	at java.util.concurrent.FutureTask.run(FutureTask.java:166)
	at java.util.concurrent.ThreadPoolExecutor.runWorker(ThreadPoolExecutor.java:1145)
	at java.util.concurrent.ThreadPoolExecutor$Worker.run(ThreadPoolExecutor.java:615)
	at java.lang.Thread.run(Thread.java:722)

十月 22, 2018 10:32:13 上午 org.apache.catalina.core.ApplicationContext log
INFO: Initializing Spring root WebApplicationContext
十月 22, 2018 10:32:19 上午 org.apache.catalina.core.ApplicationContext log
INFO: Closing Spring root WebApplicationContext
十月 22, 2018 10:32:19 上午 org.apache.catalina.core.ApplicationContext log
INFO: Shutting down log4j
十月 22, 2018 10:32:19 上午 org.apache.catalina.core.ApplicationContext log
INFO: ContextListener: contextInitialized()
十月 22, 2018 10:32:19 上午 org.apache.catalina.core.ApplicationContext log
INFO: SessionListener: contextInitialized()
十月 22, 2018 10:32:19 上午 org.apache.catalina.core.ApplicationContext log
INFO: ContextListener: attributeAdded('org.apache.jasper.compiler.TldLocationsCache', 'org.apache.jasper.compiler.TldLocationsCache@2d8a8c')
十月 22, 2018 10:33:35 上午 org.apache.catalina.core.ApplicationContext log
INFO: Set web app root system property: 'myapp.root' = [C:\apache-tomcat-7.0.23\apache-tomcat-7.0.23\webapps\real_sync\]
十月 22, 2018 10:33:35 上午 org.apache.catalina.core.ApplicationContext log
INFO: Initializing log4j from [C:\apache-tomcat-7.0.23\apache-tomcat-7.0.23\webapps\real_sync\WEB-INF\classes\log4j.properties]
十月 22, 2018 10:33:35 上午 org.apache.catalina.core.ApplicationContext log
INFO: Initializing Spring root WebApplicationContext
十月 22, 2018 10:33:39 上午 org.apache.catalina.core.ApplicationContext log
INFO: ContextListener: contextInitialized()
十月 22, 2018 10:33:39 上午 org.apache.catalina.core.ApplicationContext log
INFO: SessionListener: contextInitialized()
十月 22, 2018 10:33:39 上午 org.apache.catalina.core.ApplicationContext log
INFO: ContextListener: attributeAdded('org.apache.jasper.compiler.TldLocationsCache', 'org.apache.jasper.compiler.TldLocationsCache@153002b')
